<?xml version='1.0' encoding='utf-8'?>
<testsuite name="Unreal Automation" tests="39" failures="0" errors="0" skipped="0" time="19.695673">
  <testcase classname="Plugin.SmokeTest.HorizonUI" name="Plugin.SmokeTest.HorizonUI.EnumValidation" time="0.005450" />
  <testcase classname="Plugin.SmokeTest.HorizonUI" name="Plugin.SmokeTest.HorizonUI.ModuleLoad" time="0.003906" />
  <testcase classname="Plugin.SmokeTest.HorizonUI" name="Plugin.SmokeTest.HorizonUI.StructInstantiation" time="0.013436" />
  <testcase classname="Plugin.SmokeTest.HorizonUI" name="Plugin.SmokeTest.HorizonUI.Success" time="0.004519" />
  <testcase classname="Plugin.UnitTests.HorizonUI" name="Plugin.UnitTests.HorizonUI.BlinkingCursor" time="0.008195" />
  <testcase classname="Plugin.UnitTests.HorizonUI" name="Plugin.UnitTests.HorizonUI.DialogueBlock" time="0.010964" />
  <testcase classname="Plugin.UnitTests.HorizonUI" name="Plugin.UnitTests.HorizonUI.DialogueLine" time="0.006239" />
  <testcase classname="Plugin.UnitTests.HorizonUI" name="Plugin.UnitTests.HorizonUI.DialoguePage" time="0.005449" />
  <testcase classname="Plugin.UnitTests.HorizonUI" name="Plugin.UnitTests.HorizonUI.DialogueSegment" time="0.008455" />
  <testcase classname="Plugin.UnitTests.HorizonUI" name="Plugin.UnitTests.HorizonUI.TextOverflow" time="0.004547" />
  <testcase classname="Project.Functional Tests.TestMaps.Map.FunctionalTest.UIScreenshotTestMap" name="Project.Functional Tests.TestMaps.Map.FunctionalTest.UIScreenshotTestMap.BP_FunctionalUIScreenshotTest_BugReport_WBP_DialogueWindow" time="0.932498">
    <system-out>[Info] Screenshot 'UIScreenshotTestMap/BP_FunctionalUIScreenshotTest_BugReport_WBP_DialogueWindow' was similar!  Global Difference = 0.000000, Max Local Difference = 0.000000</system-out>
  </testcase>
  <testcase classname="Project.Functional Tests.TestMaps.Map.FunctionalTest.UIScreenshotTestMap" name="Project.Functional Tests.TestMaps.Map.FunctionalTest.UIScreenshotTestMap.BP_FunctionalUIScreenshotTest_BugReport_WBP_DynamicSizeBox" time="0.610358">
    <system-out>[Info] Screenshot 'UIScreenshotTestMap/BP_FunctionalUIScreenshotTest_BugReport_WBP_DynamicSizeBox' was similar!  Global Difference = 0.000000, Max Local Difference = 0.000000</system-out>
  </testcase>
  <testcase classname="Project.Functional Tests.TestMaps.Map.FunctionalTest.UIScreenshotTestMap" name="Project.Functional Tests.TestMaps.Map.FunctionalTest.UIScreenshotTestMap.BP_FunctionalUIScreenshotTest_BugReport_WBP_SizeToContent" time="1.005103">
    <system-out>[Info] Screenshot 'UIScreenshotTestMap/BP_FunctionalUIScreenshotTest_BugReport_WBP_SizeToContent' was similar!  Global Difference = 0.000000, Max Local Difference = 0.000000</system-out>
  </testcase>
  <testcase classname="Project.Functional Tests.TestMaps.Map.FunctionalTest.UIScreenshotTestMap" name="Project.Functional Tests.TestMaps.Map.FunctionalTest.UIScreenshotTestMap.BP_FunctionalUIScreenshotTest_BugReport_WBP_TileViewTestHUD" time="0.467356">
    <system-out>[Info] Screenshot 'UIScreenshotTestMap/BP_FunctionalUIScreenshotTest_BugReport_WBP_TileViewTestHUD' was similar!  Global Difference = 0.000000, Max Local Difference = 0.000000</system-out>
  </testcase>
  <testcase classname="Project.Functional Tests.TestMaps.Map.FunctionalTest.UIScreenshotTestMap" name="Project.Functional Tests.TestMaps.Map.FunctionalTest.UIScreenshotTestMap.BP_FunctionalUIScreenshotTest_BugReport_WBP_VerticalSlot" time="0.445469">
    <system-out>[Info] Screenshot 'UIScreenshotTestMap/BP_FunctionalUIScreenshotTest_BugReport_WBP_VerticalSlot' was similar!  Global Difference = 0.000000, Max Local Difference = 0.000000</system-out>
  </testcase>
  <testcase classname="Project.Functional Tests.TestMaps.Map.FunctionalTest.UIScreenshotTestMap" name="Project.Functional Tests.TestMaps.Map.FunctionalTest.UIScreenshotTestMap.BP_FunctionalUIScreenshotTest_WBP_RadioButtonMain" time="0.504118">
    <system-out>[Info] Screenshot 'UIScreenshotTestMap/BP_FunctionalUIScreenshotTest_WBP_RadioButtonMain' was similar!  Global Difference = 0.000000, Max Local Difference = 0.000000</system-out>
  </testcase>
  <testcase classname="Project.Functional Tests.TestMaps.Map.FunctionalTest.UIScreenshotTestMap" name="Project.Functional Tests.TestMaps.Map.FunctionalTest.UIScreenshotTestMap.FunctionalUIScreenshotTest_AutoPageLine" time="0.671072">
    <system-out>[Info] Screenshot 'UIScreenshotTestMap/FunctionalUIScreenshotTest_AutoPageLine' was similar!  Global Difference = 0.000000, Max Local Difference = 0.000000</system-out>
  </testcase>
  <testcase classname="Project.Functional Tests.TestMaps.Map.FunctionalTest.UIScreenshotTestMap" name="Project.Functional Tests.TestMaps.Map.FunctionalTest.UIScreenshotTestMap.FunctionalUIScreenshotTest_AutopagePadding" time="0.582405">
    <system-out>[Info] Screenshot 'UIScreenshotTestMap/FunctionalUIScreenshotTest_AutopagePadding' was similar!  Global Difference = 0.000000, Max Local Difference = 0.000000</system-out>
  </testcase>
  <testcase classname="Project.Functional Tests.TestMaps.Map.FunctionalTest.UIScreenshotTestMap" name="Project.Functional Tests.TestMaps.Map.FunctionalTest.UIScreenshotTestMap.FunctionalUIScreenshotTest_EdgeCaseTest" time="0.556868">
    <system-out>[Info] Screenshot 'UIScreenshotTestMap/FunctionalUIScreenshotTest_EdgeCaseTest' was similar!  Global Difference = 0.000000, Max Local Difference = 0.000000</system-out>
  </testcase>
  <testcase classname="Project.Functional Tests.TestMaps.Map.FunctionalTest.UIScreenshotTestMap" name="Project.Functional Tests.TestMaps.Map.FunctionalTest.UIScreenshotTestMap.FunctionalUIScreenshotTest_TextOverflowWarpNormal_WithTextSegment" time="0.303816">
    <system-out>[Info] Screenshot 'UIScreenshotTestMap/FunctionalUIScreenshotTest_TextOverflowWarpNormal_WithTextSegment' was similar!  Global Difference = 0.000000, Max Local Difference = 0.000000</system-out>
  </testcase>
  <testcase classname="Project.Functional Tests.TestMaps.Map.FunctionalTest.UIScreenshotTestMap" name="Project.Functional Tests.TestMaps.Map.FunctionalTest.UIScreenshotTestMap.FunctionalUIScreenshotTest_Tuto01_Simple" time="0.393248">
    <system-out>[Info] Screenshot 'UIScreenshotTestMap/FunctionalUIScreenshotTest_Tuto01_Simple' was similar!  Global Difference = 0.000000, Max Local Difference = 0.000000</system-out>
  </testcase>
  <testcase classname="Project.Functional Tests.TestMaps.Map.FunctionalTest.UIScreenshotTestMap" name="Project.Functional Tests.TestMaps.Map.FunctionalTest.UIScreenshotTestMap.FunctionalUIScreenshotTest_Tuto02_RichTextSimple" time="0.656565">
    <system-out>[Info] Screenshot 'UIScreenshotTestMap/FunctionalUIScreenshotTest_Tuto02_RichTextSimple' was similar!  Global Difference = 0.003978, Max Local Difference = 0.127942</system-out>
  </testcase>
  <testcase classname="Project.Functional Tests.TestMaps.Map.FunctionalTest.UIScreenshotTestMap" name="Project.Functional Tests.TestMaps.Map.FunctionalTest.UIScreenshotTestMap.FunctionalUIScreenshotTest_Tuto03_RichTextFont" time="0.536607">
    <system-out>[Info] Screenshot 'UIScreenshotTestMap/FunctionalUIScreenshotTest_Tuto03_RichTextFont' was similar!  Global Difference = 0.000000, Max Local Difference = 0.000000</system-out>
  </testcase>
  <testcase classname="Project.Functional Tests.TestMaps.Map.FunctionalTest.UIScreenshotTestMap" name="Project.Functional Tests.TestMaps.Map.FunctionalTest.UIScreenshotTestMap.FunctionalUIScreenshotTest_Tuto04_RichTextPadding" time="0.383975">
    <system-out>[Info] Screenshot 'UIScreenshotTestMap/FunctionalUIScreenshotTest_Tuto04_RichTextPadding' was similar!  Global Difference = 0.000638, Max Local Difference = 0.063754</system-out>
  </testcase>
  <testcase classname="Project.Functional Tests.TestMaps.Map.FunctionalTest.UIScreenshotTestMap" name="Project.Functional Tests.TestMaps.Map.FunctionalTest.UIScreenshotTestMap.FunctionalUIScreenshotTest_Tuto05_RichTextSpecialCharacter" time="0.364400">
    <system-out>[Info] Screenshot 'UIScreenshotTestMap/FunctionalUIScreenshotTest_Tuto05_RichTextSpecialCharacter' was similar!  Global Difference = 0.000000, Max Local Difference = 0.000000</system-out>
  </testcase>
  <testcase classname="Project.Functional Tests.TestMaps.Map.FunctionalTest.UIScreenshotTestMap" name="Project.Functional Tests.TestMaps.Map.FunctionalTest.UIScreenshotTestMap.FunctionalUIScreenshotTest_Tuto06_EventTrigger" time="1.193350">
    <system-out>[Info] Screenshot 'UIScreenshotTestMap/FunctionalUIScreenshotTest_Tuto06_EventTrigger' was similar!  Global Difference = 0.000000, Max Local Difference = 0.000000</system-out>
  </testcase>
  <testcase classname="Project.Functional Tests.TestMaps.Map.FunctionalTest.UIScreenshotTestMap" name="Project.Functional Tests.TestMaps.Map.FunctionalTest.UIScreenshotTestMap.FunctionalUIScreenshotTest_Tuto07_OverflowWarp" time="0.315159">
    <system-out>[Info] Screenshot 'UIScreenshotTestMap/FunctionalUIScreenshotTest_Tuto07_OverflowWarp' was similar!  Global Difference = 0.000000, Max Local Difference = 0.000000</system-out>
  </testcase>
  <testcase classname="Project.Functional Tests.TestMaps.Map.FunctionalTest.UIScreenshotTestMap" name="Project.Functional Tests.TestMaps.Map.FunctionalTest.UIScreenshotTestMap.FunctionalUIScreenshotTest_Tuto08_HyperText" time="0.632899">
    <system-out>[Info] Screenshot 'UIScreenshotTestMap/FunctionalUIScreenshotTest_Tuto08_HyperText' was similar!  Global Difference = 0.000983, Max Local Difference = 0.093075</system-out>
  </testcase>
  <testcase classname="Project.Functional Tests.TestMaps.Map.FunctionalTest.UIScreenshotTestMap" name="Project.Functional Tests.TestMaps.Map.FunctionalTest.UIScreenshotTestMap.FunctionalUIScreenshotTest_Tuto09_Sound" time="1.693426">
    <system-out>[Info] Screenshot 'UIScreenshotTestMap/FunctionalUIScreenshotTest_Tuto09_Sound' was similar!  Global Difference = 0.000102, Max Local Difference = 0.008970</system-out>
  </testcase>
  <testcase classname="Project.Functional Tests.TestMaps.Map.FunctionalTest.UIScreenshotTestMap" name="Project.Functional Tests.TestMaps.Map.FunctionalTest.UIScreenshotTestMap.FunctionalUIScreenshotTest_Tuto10_StyleInfo" time="0.725626">
    <system-out>[Info] Screenshot 'UIScreenshotTestMap/FunctionalUIScreenshotTest_Tuto10_StyleInfo' was similar!  Global Difference = 0.006025, Max Local Difference = 0.232735</system-out>
  </testcase>
  <testcase classname="Project.Functional Tests.TestMaps.Map.FunctionalTest.UIScreenshotTestMap" name="Project.Functional Tests.TestMaps.Map.FunctionalTest.UIScreenshotTestMap.FunctionalUIScreenshotTest_Tuto11_AutoPage" time="1.344764">
    <system-out>[Info] Screenshot 'UIScreenshotTestMap/FunctionalUIScreenshotTest_Tuto11_AutoPage' was similar!  Global Difference = 0.000000, Max Local Difference = 0.000000</system-out>
  </testcase>
  <testcase classname="Project.Functional Tests.TestMaps.Map.FunctionalTest.UIScreenshotTestMap" name="Project.Functional Tests.TestMaps.Map.FunctionalTest.UIScreenshotTestMap.FunctionalUIScreenshotTest_Tuto12_AutoPage_Long" time="1.023881">
    <system-out>[Info] Screenshot 'UIScreenshotTestMap/FunctionalUIScreenshotTest_Tuto12_AutoPage_Long' was similar!  Global Difference = 0.000000, Max Local Difference = 0.000000</system-out>
  </testcase>
  <testcase classname="Project.Functional Tests.TestMaps.Map.FunctionalTest.UIScreenshotTestMap" name="Project.Functional Tests.TestMaps.Map.FunctionalTest.UIScreenshotTestMap.FunctionalUIScreenshotTest_Tuto13_Justification" time="0.596644">
    <system-out>[Info] Screenshot 'UIScreenshotTestMap/FunctionalUIScreenshotTest_Tuto13_Justification' was similar!  Global Difference = 0.000000, Max Local Difference = 0.000000</system-out>
  </testcase>
  <testcase classname="Project.Functional Tests.TestMaps.Map.FunctionalTest.UIScreenshotTestMap" name="Project.Functional Tests.TestMaps.Map.FunctionalTest.UIScreenshotTestMap.FunctionalUIScreenshotTest_Tuto14_SpriteSheet" time="0.583481">
    <system-out>[Info] Screenshot 'UIScreenshotTestMap/FunctionalUIScreenshotTest_Tuto14_SpriteSheet' was similar!  Global Difference = 0.000000, Max Local Difference = 0.000000</system-out>
  </testcase>
  <testcase classname="Project.Functional Tests.TestMaps.Map.FunctionalTest.UIScreenshotTestMap" name="Project.Functional Tests.TestMaps.Map.FunctionalTest.UIScreenshotTestMap.FunctionalUIScreenshotTest_Tuto15_NoCanvasPanelAndSizeBox" time="0.404632">
    <system-out>[Info] Screenshot 'UIScreenshotTestMap/FunctionalUIScreenshotTest_Tuto15_NoCanvasPanelAndSizeBox' was similar!  Global Difference = 0.000000, Max Local Difference = 0.000000</system-out>
  </testcase>
  <testcase classname="Project.Functional Tests.TestMaps.Map.FunctionalTest.UIScreenshotTestMap" name="Project.Functional Tests.TestMaps.Map.FunctionalTest.UIScreenshotTestMap.FunctionalUIScreenshotTest_Tuto16_RubyText" time="0.582552">
    <system-out>[Info] Screenshot 'UIScreenshotTestMap/FunctionalUIScreenshotTest_Tuto16_RubyText' was similar!  Global Difference = 0.000000, Max Local Difference = 0.000000</system-out>
  </testcase>
  <testcase classname="Project.Functional Tests.TestMaps.Map.FunctionalTest.UIScreenshotTestMap" name="Project.Functional Tests.TestMaps.Map.FunctionalTest.UIScreenshotTestMap.FunctionalUIScreenshotTest_Tuto17_Decorator" time="1.004457">
    <system-out>[Info] Screenshot 'UIScreenshotTestMap/FunctionalUIScreenshotTest_Tuto17_Decorator' was similar!  Global Difference = 0.000000, Max Local Difference = 0.000000</system-out>
  </testcase>
  <testcase classname="Project.Functional Tests.TestMaps.Map.FunctionalTest.UIScreenshotTestMap" name="Project.Functional Tests.TestMaps.Map.FunctionalTest.UIScreenshotTestMap.FunctionalUIScreenshotTest_Tuto18_NewPageTag" time="0.543306">
    <system-out>[Info] Screenshot 'UIScreenshotTestMap/FunctionalUIScreenshotTest_Tuto18_NewPageTag' was similar!  Global Difference = 0.000000, Max Local Difference = 0.000000</system-out>
  </testcase>
  <testcase classname="Project.Functional Tests.TestMaps.Map.FunctionalTest.UIScreenshotTestMap" name="Project.Functional Tests.TestMaps.Map.FunctionalTest.UIScreenshotTestMap.FunctionalUIScreenshotTest_Tuto20_Binlker" time="0.566479">
    <system-out>[Info] Screenshot 'UIScreenshotTestMap/FunctionalUIScreenshotTest_Tuto20_Binlker' was similar!  Global Difference = 0.000000, Max Local Difference = 0.000000</system-out>
  </testcase>
</testsuite>