<?xml version='1.0' encoding='utf-8'?>
<Site BuildName="Windows" BuildStamp="0001.01.01-00.00.00" Generator="UE4_Automation_System" CompilerName="" CompilerVersion="" OSName="Windows" Hostname="PC-TiffanyHo" OSRelease="10" OSVersion="10.0.19045" OSPlatform="Windows" Is64Bits="1" VendorString="Intel64 Family 6 Model 158 Stepping 9, GenuineIntel" VendorID="Intel64 Family 6 Model 158 Stepping 9, GenuineIntel" FamilyID="" ModelID="" ProcessorCacheSize="" NumberOfLogicalCPU="8" NumberOfPhysicalCPU="" TotalVirtualMemory="" TotalPhysicalMemory="" LogicalProcessorsPerPhysical="" ProcessorClockFrequency="">
  <Testing>
    <StartDateTime>0001.01.01-00.00.00</StartDateTime>
    <StartTestTime>0</StartTestTime>
    <EndDateTime>0001.01.01-00.00.00</EndDateTime>
    <EndTestTime>0</EndTestTime>
    <ElapsedMinutes>0.00</ElapsedMinutes>
    <TestList>
      <Test>Plugin.SmokeTest.HorizonUI.EnumValidation</Test>
      <Test>Plugin.SmokeTest.HorizonUI.ModuleLoad</Test>
      <Test>Plugin.SmokeTest.HorizonUI.StructInstantiation</Test>
      <Test>Plugin.SmokeTest.HorizonUI.Success</Test>
      <Test>Plugin.UnitTests.HorizonUI.BlinkingCursor</Test>
      <Test>Plugin.UnitTests.HorizonUI.DialogueBlock</Test>
      <Test>Plugin.UnitTests.HorizonUI.DialogueLine</Test>
      <Test>Plugin.UnitTests.HorizonUI.DialoguePage</Test>
      <Test>Plugin.UnitTests.HorizonUI.DialogueSegment</Test>
      <Test>Plugin.UnitTests.HorizonUI.TextOverflow</Test>
      <Test>Project.Functional Tests.TestMaps.Map.FunctionalTest.UIScreenshotTestMap.BP_FunctionalUIScreenshotTest_BugReport_WBP_DialogueWindow</Test>
      <Test>Project.Functional Tests.TestMaps.Map.FunctionalTest.UIScreenshotTestMap.BP_FunctionalUIScreenshotTest_BugReport_WBP_DynamicSizeBox</Test>
      <Test>Project.Functional Tests.TestMaps.Map.FunctionalTest.UIScreenshotTestMap.BP_FunctionalUIScreenshotTest_BugReport_WBP_SizeToContent</Test>
      <Test>Project.Functional Tests.TestMaps.Map.FunctionalTest.UIScreenshotTestMap.BP_FunctionalUIScreenshotTest_BugReport_WBP_TileViewTestHUD</Test>
      <Test>Project.Functional Tests.TestMaps.Map.FunctionalTest.UIScreenshotTestMap.BP_FunctionalUIScreenshotTest_BugReport_WBP_VerticalSlot</Test>
      <Test>Project.Functional Tests.TestMaps.Map.FunctionalTest.UIScreenshotTestMap.BP_FunctionalUIScreenshotTest_WBP_RadioButtonMain</Test>
      <Test>Project.Functional Tests.TestMaps.Map.FunctionalTest.UIScreenshotTestMap.FunctionalUIScreenshotTest_AutoPageLine</Test>
      <Test>Project.Functional Tests.TestMaps.Map.FunctionalTest.UIScreenshotTestMap.FunctionalUIScreenshotTest_AutopagePadding</Test>
      <Test>Project.Functional Tests.TestMaps.Map.FunctionalTest.UIScreenshotTestMap.FunctionalUIScreenshotTest_EdgeCaseTest</Test>
      <Test>Project.Functional Tests.TestMaps.Map.FunctionalTest.UIScreenshotTestMap.FunctionalUIScreenshotTest_TextOverflowWarpNormal_WithTextSegment</Test>
      <Test>Project.Functional Tests.TestMaps.Map.FunctionalTest.UIScreenshotTestMap.FunctionalUIScreenshotTest_Tuto01_Simple</Test>
      <Test>Project.Functional Tests.TestMaps.Map.FunctionalTest.UIScreenshotTestMap.FunctionalUIScreenshotTest_Tuto02_RichTextSimple</Test>
      <Test>Project.Functional Tests.TestMaps.Map.FunctionalTest.UIScreenshotTestMap.FunctionalUIScreenshotTest_Tuto03_RichTextFont</Test>
      <Test>Project.Functional Tests.TestMaps.Map.FunctionalTest.UIScreenshotTestMap.FunctionalUIScreenshotTest_Tuto04_RichTextPadding</Test>
      <Test>Project.Functional Tests.TestMaps.Map.FunctionalTest.UIScreenshotTestMap.FunctionalUIScreenshotTest_Tuto05_RichTextSpecialCharacter</Test>
      <Test>Project.Functional Tests.TestMaps.Map.FunctionalTest.UIScreenshotTestMap.FunctionalUIScreenshotTest_Tuto06_EventTrigger</Test>
      <Test>Project.Functional Tests.TestMaps.Map.FunctionalTest.UIScreenshotTestMap.FunctionalUIScreenshotTest_Tuto07_OverflowWarp</Test>
      <Test>Project.Functional Tests.TestMaps.Map.FunctionalTest.UIScreenshotTestMap.FunctionalUIScreenshotTest_Tuto08_HyperText</Test>
      <Test>Project.Functional Tests.TestMaps.Map.FunctionalTest.UIScreenshotTestMap.FunctionalUIScreenshotTest_Tuto09_Sound</Test>
      <Test>Project.Functional Tests.TestMaps.Map.FunctionalTest.UIScreenshotTestMap.FunctionalUIScreenshotTest_Tuto10_StyleInfo</Test>
      <Test>Project.Functional Tests.TestMaps.Map.FunctionalTest.UIScreenshotTestMap.FunctionalUIScreenshotTest_Tuto11_AutoPage</Test>
      <Test>Project.Functional Tests.TestMaps.Map.FunctionalTest.UIScreenshotTestMap.FunctionalUIScreenshotTest_Tuto12_AutoPage_Long</Test>
      <Test>Project.Functional Tests.TestMaps.Map.FunctionalTest.UIScreenshotTestMap.FunctionalUIScreenshotTest_Tuto13_Justification</Test>
      <Test>Project.Functional Tests.TestMaps.Map.FunctionalTest.UIScreenshotTestMap.FunctionalUIScreenshotTest_Tuto14_SpriteSheet</Test>
      <Test>Project.Functional Tests.TestMaps.Map.FunctionalTest.UIScreenshotTestMap.FunctionalUIScreenshotTest_Tuto15_NoCanvasPanelAndSizeBox</Test>
      <Test>Project.Functional Tests.TestMaps.Map.FunctionalTest.UIScreenshotTestMap.FunctionalUIScreenshotTest_Tuto16_RubyText</Test>
      <Test>Project.Functional Tests.TestMaps.Map.FunctionalTest.UIScreenshotTestMap.FunctionalUIScreenshotTest_Tuto17_Decorator</Test>
      <Test>Project.Functional Tests.TestMaps.Map.FunctionalTest.UIScreenshotTestMap.FunctionalUIScreenshotTest_Tuto18_NewPageTag</Test>
      <Test>Project.Functional Tests.TestMaps.Map.FunctionalTest.UIScreenshotTestMap.FunctionalUIScreenshotTest_Tuto20_Binlker</Test>
    </TestList>
    <Test Status="passed">
      <Name>Plugin.SmokeTest.HorizonUI.EnumValidation</Name>
      <Path>EnumValidation</Path>
      <FullName>Plugin.SmokeTest.HorizonUI.EnumValidation</FullName>
      <Results>
        <NamedMeasurement type="numeric/double" name="Execution Time">
          <Value>0.01218859851360321</Value>
        </NamedMeasurement>
        <NamedMeasurement type="text/string" name="Completion Status">
          <Value>passed</Value>
        </NamedMeasurement>
        <NamedMeasurement type="numeric/int" name="Warnings">
          <Value>0</Value>
        </NamedMeasurement>
        <NamedMeasurement type="numeric/int" name="Errors">
          <Value>0</Value>
        </NamedMeasurement>
        <Measurement>
          <Value />
        </Measurement>
      </Results>
      <Labels />
      <Status>passed</Status>
      <CompletionStatus>passed</CompletionStatus>
      <ExecutionTime>0.01218859851360321</ExecutionTime>
      <Command>Unreal Automation</Command>
      <StartTime>2026-06-18T14:12:04Z</StartTime>
      <EndTime>2026-06-18T14:12:04Z</EndTime>
    </Test>
    <Test Status="passed">
      <Name>Plugin.SmokeTest.HorizonUI.ModuleLoad</Name>
      <Path>ModuleLoad</Path>
      <FullName>Plugin.SmokeTest.HorizonUI.ModuleLoad</FullName>
      <Results>
        <NamedMeasurement type="numeric/double" name="Execution Time">
          <Value>0.00452829897403717</Value>
        </NamedMeasurement>
        <NamedMeasurement type="text/string" name="Completion Status">
          <Value>passed</Value>
        </NamedMeasurement>
        <NamedMeasurement type="numeric/int" name="Warnings">
          <Value>0</Value>
        </NamedMeasurement>
        <NamedMeasurement type="numeric/int" name="Errors">
          <Value>0</Value>
        </NamedMeasurement>
        <Measurement>
          <Value />
        </Measurement>
      </Results>
      <Labels />
      <Status>passed</Status>
      <CompletionStatus>passed</CompletionStatus>
      <ExecutionTime>0.00452829897403717</ExecutionTime>
      <Command>Unreal Automation</Command>
      <StartTime>2026-06-18T14:12:04Z</StartTime>
      <EndTime>2026-06-18T14:12:04Z</EndTime>
    </Test>
    <Test Status="passed">
      <Name>Plugin.SmokeTest.HorizonUI.StructInstantiation</Name>
      <Path>StructInstantiation</Path>
      <FullName>Plugin.SmokeTest.HorizonUI.StructInstantiation</FullName>
      <Results>
        <NamedMeasurement type="numeric/double" name="Execution Time">
          <Value>0.01478869840502739</Value>
        </NamedMeasurement>
        <NamedMeasurement type="text/string" name="Completion Status">
          <Value>passed</Value>
        </NamedMeasurement>
        <NamedMeasurement type="numeric/int" name="Warnings">
          <Value>0</Value>
        </NamedMeasurement>
        <NamedMeasurement type="numeric/int" name="Errors">
          <Value>0</Value>
        </NamedMeasurement>
        <Measurement>
          <Value />
        </Measurement>
      </Results>
      <Labels />
      <Status>passed</Status>
      <CompletionStatus>passed</CompletionStatus>
      <ExecutionTime>0.01478869840502739</ExecutionTime>
      <Command>Unreal Automation</Command>
      <StartTime>2026-06-18T14:12:04Z</StartTime>
      <EndTime>2026-06-18T14:12:04Z</EndTime>
    </Test>
    <Test Status="passed">
      <Name>Plugin.SmokeTest.HorizonUI.Success</Name>
      <Path>Success</Path>
      <FullName>Plugin.SmokeTest.HorizonUI.Success</FullName>
      <Results>
        <NamedMeasurement type="numeric/double" name="Execution Time">
          <Value>0.00364840030670166</Value>
        </NamedMeasurement>
        <NamedMeasurement type="text/string" name="Completion Status">
          <Value>passed</Value>
        </NamedMeasurement>
        <NamedMeasurement type="numeric/int" name="Warnings">
          <Value>0</Value>
        </NamedMeasurement>
        <NamedMeasurement type="numeric/int" name="Errors">
          <Value>0</Value>
        </NamedMeasurement>
        <Measurement>
          <Value />
        </Measurement>
      </Results>
      <Labels />
      <Status>passed</Status>
      <CompletionStatus>passed</CompletionStatus>
      <ExecutionTime>0.00364840030670166</ExecutionTime>
      <Command>Unreal Automation</Command>
      <StartTime>2026-06-18T14:12:04Z</StartTime>
      <EndTime>2026-06-18T14:12:04Z</EndTime>
    </Test>
    <Test Status="passed">
      <Name>Plugin.UnitTests.HorizonUI.BlinkingCursor</Name>
      <Path>BlinkingCursor</Path>
      <FullName>Plugin.UnitTests.HorizonUI.BlinkingCursor</FullName>
      <Results>
        <NamedMeasurement type="numeric/double" name="Execution Time">
          <Value>0.009727198630571365</Value>
        </NamedMeasurement>
        <NamedMeasurement type="text/string" name="Completion Status">
          <Value>passed</Value>
        </NamedMeasurement>
        <NamedMeasurement type="numeric/int" name="Warnings">
          <Value>0</Value>
        </NamedMeasurement>
        <NamedMeasurement type="numeric/int" name="Errors">
          <Value>0</Value>
        </NamedMeasurement>
        <Measurement>
          <Value />
        </Measurement>
      </Results>
      <Labels />
      <Status>passed</Status>
      <CompletionStatus>passed</CompletionStatus>
      <ExecutionTime>0.009727198630571365</ExecutionTime>
      <Command>Unreal Automation</Command>
      <StartTime>2026-06-18T14:12:04Z</StartTime>
      <EndTime>2026-06-18T14:12:04Z</EndTime>
    </Test>
    <Test Status="passed">
      <Name>Plugin.UnitTests.HorizonUI.DialogueBlock</Name>
      <Path>DialogueBlock</Path>
      <FullName>Plugin.UnitTests.HorizonUI.DialogueBlock</FullName>
      <Results>
        <NamedMeasurement type="numeric/double" name="Execution Time">
          <Value>0.009784802794456482</Value>
        </NamedMeasurement>
        <NamedMeasurement type="text/string" name="Completion Status">
          <Value>passed</Value>
        </NamedMeasurement>
        <NamedMeasurement type="numeric/int" name="Warnings">
          <Value>0</Value>
        </NamedMeasurement>
        <NamedMeasurement type="numeric/int" name="Errors">
          <Value>0</Value>
        </NamedMeasurement>
        <Measurement>
          <Value />
        </Measurement>
      </Results>
      <Labels />
      <Status>passed</Status>
      <CompletionStatus>passed</CompletionStatus>
      <ExecutionTime>0.009784802794456482</ExecutionTime>
      <Command>Unreal Automation</Command>
      <StartTime>2026-06-18T14:12:04Z</StartTime>
      <EndTime>2026-06-18T14:12:04Z</EndTime>
    </Test>
    <Test Status="passed">
      <Name>Plugin.UnitTests.HorizonUI.DialogueLine</Name>
      <Path>DialogueLine</Path>
      <FullName>Plugin.UnitTests.HorizonUI.DialogueLine</FullName>
      <Results>
        <NamedMeasurement type="numeric/double" name="Execution Time">
          <Value>0.006489802151918411</Value>
        </NamedMeasurement>
        <NamedMeasurement type="text/string" name="Completion Status">
          <Value>passed</Value>
        </NamedMeasurement>
        <NamedMeasurement type="numeric/int" name="Warnings">
          <Value>0</Value>
        </NamedMeasurement>
        <NamedMeasurement type="numeric/int" name="Errors">
          <Value>0</Value>
        </NamedMeasurement>
        <Measurement>
          <Value />
        </Measurement>
      </Results>
      <Labels />
      <Status>passed</Status>
      <CompletionStatus>passed</CompletionStatus>
      <ExecutionTime>0.006489802151918411</ExecutionTime>
      <Command>Unreal Automation</Command>
      <StartTime>2026-06-18T14:12:04Z</StartTime>
      <EndTime>2026-06-18T14:12:04Z</EndTime>
    </Test>
    <Test Status="passed">
      <Name>Plugin.UnitTests.HorizonUI.DialoguePage</Name>
      <Path>DialoguePage</Path>
      <FullName>Plugin.UnitTests.HorizonUI.DialoguePage</FullName>
      <Results>
        <NamedMeasurement type="numeric/double" name="Execution Time">
          <Value>0.00619710236787796</Value>
        </NamedMeasurement>
        <NamedMeasurement type="text/string" name="Completion Status">
          <Value>passed</Value>
        </NamedMeasurement>
        <NamedMeasurement type="numeric/int" name="Warnings">
          <Value>0</Value>
        </NamedMeasurement>
        <NamedMeasurement type="numeric/int" name="Errors">
          <Value>0</Value>
        </NamedMeasurement>
        <Measurement>
          <Value />
        </Measurement>
      </Results>
      <Labels />
      <Status>passed</Status>
      <CompletionStatus>passed</CompletionStatus>
      <ExecutionTime>0.00619710236787796</ExecutionTime>
      <Command>Unreal Automation</Command>
      <StartTime>2026-06-18T14:12:04Z</StartTime>
      <EndTime>2026-06-18T14:12:04Z</EndTime>
    </Test>
    <Test Status="passed">
      <Name>Plugin.UnitTests.HorizonUI.DialogueSegment</Name>
      <Path>DialogueSegment</Path>
      <FullName>Plugin.UnitTests.HorizonUI.DialogueSegment</FullName>
      <Results>
        <NamedMeasurement type="numeric/double" name="Execution Time">
          <Value>0.00801040232181549</Value>
        </NamedMeasurement>
        <NamedMeasurement type="text/string" name="Completion Status">
          <Value>passed</Value>
        </NamedMeasurement>
        <NamedMeasurement type="numeric/int" name="Warnings">
          <Value>0</Value>
        </NamedMeasurement>
        <NamedMeasurement type="numeric/int" name="Errors">
          <Value>0</Value>
        </NamedMeasurement>
        <Measurement>
          <Value />
        </Measurement>
      </Results>
      <Labels />
      <Status>passed</Status>
      <CompletionStatus>passed</CompletionStatus>
      <ExecutionTime>0.00801040232181549</ExecutionTime>
      <Command>Unreal Automation</Command>
      <StartTime>2026-06-18T14:12:04Z</StartTime>
      <EndTime>2026-06-18T14:12:04Z</EndTime>
    </Test>
    <Test Status="passed">
      <Name>Plugin.UnitTests.HorizonUI.TextOverflow</Name>
      <Path>TextOverflow</Path>
      <FullName>Plugin.UnitTests.HorizonUI.TextOverflow</FullName>
      <Results>
        <NamedMeasurement type="numeric/double" name="Execution Time">
          <Value>0.00552000105381012</Value>
        </NamedMeasurement>
        <NamedMeasurement type="text/string" name="Completion Status">
          <Value>passed</Value>
        </NamedMeasurement>
        <NamedMeasurement type="numeric/int" name="Warnings">
          <Value>0</Value>
        </NamedMeasurement>
        <NamedMeasurement type="numeric/int" name="Errors">
          <Value>0</Value>
        </NamedMeasurement>
        <Measurement>
          <Value />
        </Measurement>
      </Results>
      <Labels />
      <Status>passed</Status>
      <CompletionStatus>passed</CompletionStatus>
      <ExecutionTime>0.00552000105381012</ExecutionTime>
      <Command>Unreal Automation</Command>
      <StartTime>2026-06-18T14:12:04Z</StartTime>
      <EndTime>2026-06-18T14:12:04Z</EndTime>
    </Test>
    <Test Status="failed">
      <Name>Project.Functional Tests.TestMaps.Map.FunctionalTest.UIScreenshotTestMap.BP_FunctionalUIScreenshotTest_BugReport_WBP_DialogueWindow</Name>
      <Path>BP_FunctionalUIScreenshotTest_BugReport_WBP_DialogueWindow</Path>
      <FullName>Project.Functional Tests.TestMaps.Map.FunctionalTest.UIScreenshotTestMap.BP_FunctionalUIScreenshotTest_BugReport_WBP_DialogueWindow</FullName>
      <Results>
        <NamedMeasurement type="numeric/double" name="Execution Time">
          <Value>1.1161364316940308</Value>
        </NamedMeasurement>
        <NamedMeasurement type="text/string" name="Completion Status">
          <Value>failed</Value>
        </NamedMeasurement>
        <NamedMeasurement type="numeric/int" name="Warnings">
          <Value>0</Value>
        </NamedMeasurement>
        <NamedMeasurement type="numeric/int" name="Errors">
          <Value>1</Value>
        </NamedMeasurement>
        <Measurement>
          <Value>[Info] LogConsoleManager: Trying to Replace Cvar=r.AntiAliasingMethod Set By Constructor Value implicitly by calling SetWithCurrentPriority or ReplaceCurrentPriorityAndTag.
This is not allowed, possible solutions:
1. Use SetWithCurrentPriority or ReplaceCurrentPriorityAndTag with explicit MinPriority and MaxPriority values, with MinPriority &gt;= ECVF_SetByScalability.
2. Use explicit Set, Cvar-&gt;Set(&lt;Value&gt;, &lt;SetByPriority&gt;) | Context: log
[Info] LogConsoleManager: Trying to Replace Cvar=r.ContactShadows Set By Constructor Value implicitly by calling SetWithCurrentPriority or ReplaceCurrentPriorityAndTag.
This is not allowed, possible solutions:
1. Use SetWithCurrentPriority or ReplaceCurrentPriorityAndTag with explicit MinPriority and MaxPriority values, with MinPriority &gt;= ECVF_SetByScalability.
2. Use explicit Set, Cvar-&gt;Set(&lt;Value&gt;, &lt;SetByPriority&gt;) | Context: log
[Info] LogConsoleManager: Trying to Replace Cvar=r.TonemapperGamma Set By Constructor Value implicitly by calling SetWithCurrentPriority or ReplaceCurrentPriorityAndTag.
This is not allowed, possible solutions:
1. Use SetWithCurrentPriority or ReplaceCurrentPriorityAndTag with explicit MinPriority and MaxPriority values, with MinPriority &gt;= ECVF_SetByScalability.
2. Use explicit Set, Cvar-&gt;Set(&lt;Value&gt;, &lt;SetByPriority&gt;) | Context: log
[Info] LogConsoleManager: Trying to Replace Cvar=r.DynamicRes.TestScreenPercentage Set By Constructor Value implicitly by calling SetWithCurrentPriority or ReplaceCurrentPriorityAndTag.
This is not allowed, possible solutions:
1. Use SetWithCurrentPriority or ReplaceCurrentPriorityAndTag with explicit MinPriority and MaxPriority values, with MinPriority &gt;= ECVF_SetByScalability.
2. Use explicit Set, Cvar-&gt;Set(&lt;Value&gt;, &lt;SetByPriority&gt;) | Context: log
[Info] LogConsoleManager: Trying to Replace Cvar=r.DynamicRes.OperationMode Set By Constructor Value implicitly by calling SetWithCurrentPriority or ReplaceCurrentPriorityAndTag.
This is not allowed, possible solutions:
1. Use SetWithCurrentPriority or ReplaceCurrentPriorityAndTag with explicit MinPriority and MaxPriority values, with MinPriority &gt;= ECVF_SetByScalability.
2. Use explicit Set, Cvar-&gt;Set(&lt;Value&gt;, &lt;SetByPriority&gt;) | Context: log
[Info] LogConsoleManager: Trying to Replace Cvar=r.ScreenPercentage Set By Constructor Value implicitly by calling SetWithCurrentPriority or ReplaceCurrentPriorityAndTag.
This is not allowed, possible solutions:
1. Use SetWithCurrentPriority or ReplaceCurrentPriorityAndTag with explicit MinPriority and MaxPriority values, with MinPriority &gt;= ECVF_SetByScalability.
2. Use explicit Set, Cvar-&gt;Set(&lt;Value&gt;, &lt;SetByPriority&gt;) | Context: log
[Info] LogConsoleManager: Trying to Replace Cvar=r.SecondaryScreenPercentage.GameViewport Set By Constructor Value implicitly by calling SetWithCurrentPriority or ReplaceCurrentPriorityAndTag.
This is not allowed, possible solutions:
1. Use SetWithCurrentPriority or ReplaceCurrentPriorityAndTag with explicit MinPriority and MaxPriority values, with MinPriority &gt;= ECVF_SetByScalability.
2. Use explicit Set, Cvar-&gt;Set(&lt;Value&gt;, &lt;SetByPriority&gt;) | Context: log
[Info] LogSlate: Synchronously lazy loading font file '../../../Engine/Content/EngineFonts/Faces/RobotoRegular.ufont' with subface index 0 in Game thread. | Context: log
[Info] LogSlate: Took 0.000184 seconds to synchronously load lazily loaded font '../../../Engine/Content/EngineFonts/Faces/RobotoRegular.ufont' (155K) on Game thread. | Context: log
[Info] LogSlate: Freetype font face in memory successfully created with synchronously loaded cooked font file '../../../Engine/Content/EngineFonts/Faces/RobotoRegular.ufont' subface 0 in Game thread. | Context: log
[Info] LogSlate: Font face '../../../Engine/Content/EngineFonts/Faces/RobotoRegular.ufont' subface index 0 successfully added to font face map in Game thread. | Context: log
[Info] LogSlate: Synchronously lazy loading font file '../../../Engine/Content/Slate/Fonts/Roboto-Bold.ttf' with subface index 0 in Game thread. | Context: log
[Info] LogSlate: Took 0.000211 seconds to synchronously load lazily loaded font '../../../Engine/Content/Slate/Fonts/Roboto-Bold.ttf' (160K) on Game thread. | Context: log
[Info] LogSlate: Freetype font face in memory successfully created with synchronously loaded raw font file '../../../Engine/Content/Slate/Fonts/Roboto-Bold.ttf' subface 0 in Game thread. | Context: log
[Info] LogSlate: Font face '../../../Engine/Content/Slate/Fonts/Roboto-Bold.ttf' subface index 0 successfully added to font face map in Game thread. | Context: log
[Error] LogAudioMixer: FMixerNullCallback: Large time delta between simulated audio clock and realtime [-208ms], ThreadID=14976 | Context: log
[Info] Screenshot 'UIScreenshotTestMap/BP_FunctionalUIScreenshotTest_BugReport_WBP_DialogueWindow' was similar!  Global Difference = 0.000000, Max Local Difference = 0.000000
[Info] LogConsoleManager: Trying to Replace Cvar=r.AntiAliasingMethod Set By Constructor Value implicitly by calling SetWithCurrentPriority or ReplaceCurrentPriorityAndTag.
This is not allowed, possible solutions:
1. Use SetWithCurrentPriority or ReplaceCurrentPriorityAndTag with explicit MinPriority and MaxPriority values, with MinPriority &gt;= ECVF_SetByScalability.
2. Use explicit Set, Cvar-&gt;Set(&lt;Value&gt;, &lt;SetByPriority&gt;) | Context: log
[Info] LogConsoleManager: Trying to Replace Cvar=r.ContactShadows Set By Constructor Value implicitly by calling SetWithCurrentPriority or ReplaceCurrentPriorityAndTag.
This is not allowed, possible solutions:
1. Use SetWithCurrentPriority or ReplaceCurrentPriorityAndTag with explicit MinPriority and MaxPriority values, with MinPriority &gt;= ECVF_SetByScalability.
2. Use explicit Set, Cvar-&gt;Set(&lt;Value&gt;, &lt;SetByPriority&gt;) | Context: log
[Info] LogConsoleManager: Trying to Replace Cvar=r.TonemapperGamma Set By Constructor Value implicitly by calling SetWithCurrentPriority or ReplaceCurrentPriorityAndTag.
This is not allowed, possible solutions:
1. Use SetWithCurrentPriority or ReplaceCurrentPriorityAndTag with explicit MinPriority and MaxPriority values, with MinPriority &gt;= ECVF_SetByScalability.
2. Use explicit Set, Cvar-&gt;Set(&lt;Value&gt;, &lt;SetByPriority&gt;) | Context: log
[Info] LogConsoleManager: Trying to Replace Cvar=r.ScreenPercentage Set By Constructor Value implicitly by calling SetWithCurrentPriority or ReplaceCurrentPriorityAndTag.
This is not allowed, possible solutions:
1. Use SetWithCurrentPriority or ReplaceCurrentPriorityAndTag with explicit MinPriority and MaxPriority values, with MinPriority &gt;= ECVF_SetByScalability.
2. Use explicit Set, Cvar-&gt;Set(&lt;Value&gt;, &lt;SetByPriority&gt;) | Context: log
[Info] LogConsoleManager: Trying to Replace Cvar=r.DynamicRes.OperationMode Set By Constructor Value implicitly by calling SetWithCurrentPriority or ReplaceCurrentPriorityAndTag.
This is not allowed, possible solutions:
1. Use SetWithCurrentPriority or ReplaceCurrentPriorityAndTag with explicit MinPriority and MaxPriority values, with MinPriority &gt;= ECVF_SetByScalability.
2. Use explicit Set, Cvar-&gt;Set(&lt;Value&gt;, &lt;SetByPriority&gt;) | Context: log
[Info] LogConsoleManager: Trying to Replace Cvar=r.DynamicRes.TestScreenPercentage Set By Constructor Value implicitly by calling SetWithCurrentPriority or ReplaceCurrentPriorityAndTag.
This is not allowed, possible solutions:
1. Use SetWithCurrentPriority or ReplaceCurrentPriorityAndTag with explicit MinPriority and MaxPriority values, with MinPriority &gt;= ECVF_SetByScalability.
2. Use explicit Set, Cvar-&gt;Set(&lt;Value&gt;, &lt;SetByPriority&gt;) | Context: log
[Info] LogConsoleManager: Trying to Replace Cvar=r.SecondaryScreenPercentage.GameViewport Set By Constructor Value implicitly by calling SetWithCurrentPriority or ReplaceCurrentPriorityAndTag.
This is not allowed, possible solutions:
1. Use SetWithCurrentPriority or ReplaceCurrentPriorityAndTag with explicit MinPriority and MaxPriority values, with MinPriority &gt;= ECVF_SetByScalability.
2. Use explicit Set, Cvar-&gt;Set(&lt;Value&gt;, &lt;SetByPriority&gt;) | Context: log</Value>
        </Measurement>
      </Results>
      <Labels />
      <Status>failed</Status>
      <CompletionStatus>failed</CompletionStatus>
      <ExecutionTime>1.1161364316940308</ExecutionTime>
      <Command>Unreal Automation</Command>
      <StartTime>2026-06-18T14:12:04Z</StartTime>
      <EndTime>2026-06-18T14:12:04Z</EndTime>
    </Test>
    <Test Status="passed">
      <Name>Project.Functional Tests.TestMaps.Map.FunctionalTest.UIScreenshotTestMap.BP_FunctionalUIScreenshotTest_BugReport_WBP_DynamicSizeBox</Name>
      <Path>BP_FunctionalUIScreenshotTest_BugReport_WBP_DynamicSizeBox</Path>
      <FullName>Project.Functional Tests.TestMaps.Map.FunctionalTest.UIScreenshotTestMap.BP_FunctionalUIScreenshotTest_BugReport_WBP_DynamicSizeBox</FullName>
      <Results>
        <NamedMeasurement type="numeric/double" name="Execution Time">
          <Value>0.8948423862457275</Value>
        </NamedMeasurement>
        <NamedMeasurement type="text/string" name="Completion Status">
          <Value>passed</Value>
        </NamedMeasurement>
        <NamedMeasurement type="numeric/int" name="Warnings">
          <Value>0</Value>
        </NamedMeasurement>
        <NamedMeasurement type="numeric/int" name="Errors">
          <Value>0</Value>
        </NamedMeasurement>
        <Measurement>
          <Value>[Info] Screenshot 'UIScreenshotTestMap/BP_FunctionalUIScreenshotTest_BugReport_WBP_DynamicSizeBox' was similar!  Global Difference = 0.000000, Max Local Difference = 0.000000</Value>
        </Measurement>
      </Results>
      <Labels />
      <Status>passed</Status>
      <CompletionStatus>passed</CompletionStatus>
      <ExecutionTime>0.8948423862457275</ExecutionTime>
      <Command>Unreal Automation</Command>
      <StartTime>2026-06-18T14:12:04Z</StartTime>
      <EndTime>2026-06-18T14:12:04Z</EndTime>
    </Test>
    <Test Status="passed">
      <Name>Project.Functional Tests.TestMaps.Map.FunctionalTest.UIScreenshotTestMap.BP_FunctionalUIScreenshotTest_BugReport_WBP_SizeToContent</Name>
      <Path>BP_FunctionalUIScreenshotTest_BugReport_WBP_SizeToContent</Path>
      <FullName>Project.Functional Tests.TestMaps.Map.FunctionalTest.UIScreenshotTestMap.BP_FunctionalUIScreenshotTest_BugReport_WBP_SizeToContent</FullName>
      <Results>
        <NamedMeasurement type="numeric/double" name="Execution Time">
          <Value>1.604894995689392</Value>
        </NamedMeasurement>
        <NamedMeasurement type="text/string" name="Completion Status">
          <Value>passed</Value>
        </NamedMeasurement>
        <NamedMeasurement type="numeric/int" name="Warnings">
          <Value>0</Value>
        </NamedMeasurement>
        <NamedMeasurement type="numeric/int" name="Errors">
          <Value>0</Value>
        </NamedMeasurement>
        <Measurement>
          <Value>[Info] Screenshot 'UIScreenshotTestMap/BP_FunctionalUIScreenshotTest_BugReport_WBP_SizeToContent' was similar!  Global Difference = 0.000000, Max Local Difference = 0.000000</Value>
        </Measurement>
      </Results>
      <Labels />
      <Status>passed</Status>
      <CompletionStatus>passed</CompletionStatus>
      <ExecutionTime>1.604894995689392</ExecutionTime>
      <Command>Unreal Automation</Command>
      <StartTime>2026-06-18T14:12:04Z</StartTime>
      <EndTime>2026-06-18T14:12:04Z</EndTime>
    </Test>
    <Test Status="passed">
      <Name>Project.Functional Tests.TestMaps.Map.FunctionalTest.UIScreenshotTestMap.BP_FunctionalUIScreenshotTest_BugReport_WBP_TileViewTestHUD</Name>
      <Path>BP_FunctionalUIScreenshotTest_BugReport_WBP_TileViewTestHUD</Path>
      <FullName>Project.Functional Tests.TestMaps.Map.FunctionalTest.UIScreenshotTestMap.BP_FunctionalUIScreenshotTest_BugReport_WBP_TileViewTestHUD</FullName>
      <Results>
        <NamedMeasurement type="numeric/double" name="Execution Time">
          <Value>0.7735739946365356</Value>
        </NamedMeasurement>
        <NamedMeasurement type="text/string" name="Completion Status">
          <Value>passed</Value>
        </NamedMeasurement>
        <NamedMeasurement type="numeric/int" name="Warnings">
          <Value>0</Value>
        </NamedMeasurement>
        <NamedMeasurement type="numeric/int" name="Errors">
          <Value>0</Value>
        </NamedMeasurement>
        <Measurement>
          <Value>[Info] Screenshot 'UIScreenshotTestMap/BP_FunctionalUIScreenshotTest_BugReport_WBP_TileViewTestHUD' was similar!  Global Difference = 0.000000, Max Local Difference = 0.000000</Value>
        </Measurement>
      </Results>
      <Labels />
      <Status>passed</Status>
      <CompletionStatus>passed</CompletionStatus>
      <ExecutionTime>0.7735739946365356</ExecutionTime>
      <Command>Unreal Automation</Command>
      <StartTime>2026-06-18T14:12:04Z</StartTime>
      <EndTime>2026-06-18T14:12:04Z</EndTime>
    </Test>
    <Test Status="passed">
      <Name>Project.Functional Tests.TestMaps.Map.FunctionalTest.UIScreenshotTestMap.BP_FunctionalUIScreenshotTest_BugReport_WBP_VerticalSlot</Name>
      <Path>BP_FunctionalUIScreenshotTest_BugReport_WBP_VerticalSlot</Path>
      <FullName>Project.Functional Tests.TestMaps.Map.FunctionalTest.UIScreenshotTestMap.BP_FunctionalUIScreenshotTest_BugReport_WBP_VerticalSlot</FullName>
      <Results>
        <NamedMeasurement type="numeric/double" name="Execution Time">
          <Value>0.6790180802345276</Value>
        </NamedMeasurement>
        <NamedMeasurement type="text/string" name="Completion Status">
          <Value>passed</Value>
        </NamedMeasurement>
        <NamedMeasurement type="numeric/int" name="Warnings">
          <Value>0</Value>
        </NamedMeasurement>
        <NamedMeasurement type="numeric/int" name="Errors">
          <Value>0</Value>
        </NamedMeasurement>
        <Measurement>
          <Value>[Info] Screenshot 'UIScreenshotTestMap/BP_FunctionalUIScreenshotTest_BugReport_WBP_VerticalSlot' was similar!  Global Difference = 0.000000, Max Local Difference = 0.000000</Value>
        </Measurement>
      </Results>
      <Labels />
      <Status>passed</Status>
      <CompletionStatus>passed</CompletionStatus>
      <ExecutionTime>0.6790180802345276</ExecutionTime>
      <Command>Unreal Automation</Command>
      <StartTime>2026-06-18T14:12:04Z</StartTime>
      <EndTime>2026-06-18T14:12:04Z</EndTime>
    </Test>
    <Test Status="passed">
      <Name>Project.Functional Tests.TestMaps.Map.FunctionalTest.UIScreenshotTestMap.BP_FunctionalUIScreenshotTest_WBP_RadioButtonMain</Name>
      <Path>BP_FunctionalUIScreenshotTest_WBP_RadioButtonMain</Path>
      <FullName>Project.Functional Tests.TestMaps.Map.FunctionalTest.UIScreenshotTestMap.BP_FunctionalUIScreenshotTest_WBP_RadioButtonMain</FullName>
      <Results>
        <NamedMeasurement type="numeric/double" name="Execution Time">
          <Value>0.7218452095985413</Value>
        </NamedMeasurement>
        <NamedMeasurement type="text/string" name="Completion Status">
          <Value>passed</Value>
        </NamedMeasurement>
        <NamedMeasurement type="numeric/int" name="Warnings">
          <Value>0</Value>
        </NamedMeasurement>
        <NamedMeasurement type="numeric/int" name="Errors">
          <Value>0</Value>
        </NamedMeasurement>
        <Measurement>
          <Value>[Info] Screenshot 'UIScreenshotTestMap/BP_FunctionalUIScreenshotTest_WBP_RadioButtonMain' was similar!  Global Difference = 0.000000, Max Local Difference = 0.000000</Value>
        </Measurement>
      </Results>
      <Labels />
      <Status>passed</Status>
      <CompletionStatus>passed</CompletionStatus>
      <ExecutionTime>0.7218452095985413</ExecutionTime>
      <Command>Unreal Automation</Command>
      <StartTime>2026-06-18T14:12:04Z</StartTime>
      <EndTime>2026-06-18T14:12:04Z</EndTime>
    </Test>
    <Test Status="passed">
      <Name>Project.Functional Tests.TestMaps.Map.FunctionalTest.UIScreenshotTestMap.FunctionalUIScreenshotTest_AutoPageLine</Name>
      <Path>FunctionalUIScreenshotTest_AutoPageLine</Path>
      <FullName>Project.Functional Tests.TestMaps.Map.FunctionalTest.UIScreenshotTestMap.FunctionalUIScreenshotTest_AutoPageLine</FullName>
      <Results>
        <NamedMeasurement type="numeric/double" name="Execution Time">
          <Value>1.2482521533966064</Value>
        </NamedMeasurement>
        <NamedMeasurement type="text/string" name="Completion Status">
          <Value>passed</Value>
        </NamedMeasurement>
        <NamedMeasurement type="numeric/int" name="Warnings">
          <Value>0</Value>
        </NamedMeasurement>
        <NamedMeasurement type="numeric/int" name="Errors">
          <Value>0</Value>
        </NamedMeasurement>
        <Measurement>
          <Value>[Info] Screenshot 'UIScreenshotTestMap/FunctionalUIScreenshotTest_AutoPageLine' was similar!  Global Difference = 0.000000, Max Local Difference = 0.000000</Value>
        </Measurement>
      </Results>
      <Labels />
      <Status>passed</Status>
      <CompletionStatus>passed</CompletionStatus>
      <ExecutionTime>1.2482521533966064</ExecutionTime>
      <Command>Unreal Automation</Command>
      <StartTime>2026-06-18T14:12:04Z</StartTime>
      <EndTime>2026-06-18T14:12:04Z</EndTime>
    </Test>
    <Test Status="passed">
      <Name>Project.Functional Tests.TestMaps.Map.FunctionalTest.UIScreenshotTestMap.FunctionalUIScreenshotTest_AutopagePadding</Name>
      <Path>FunctionalUIScreenshotTest_AutopagePadding</Path>
      <FullName>Project.Functional Tests.TestMaps.Map.FunctionalTest.UIScreenshotTestMap.FunctionalUIScreenshotTest_AutopagePadding</FullName>
      <Results>
        <NamedMeasurement type="numeric/double" name="Execution Time">
          <Value>1.008237361907959</Value>
        </NamedMeasurement>
        <NamedMeasurement type="text/string" name="Completion Status">
          <Value>passed</Value>
        </NamedMeasurement>
        <NamedMeasurement type="numeric/int" name="Warnings">
          <Value>0</Value>
        </NamedMeasurement>
        <NamedMeasurement type="numeric/int" name="Errors">
          <Value>0</Value>
        </NamedMeasurement>
        <Measurement>
          <Value>[Info] Screenshot 'UIScreenshotTestMap/FunctionalUIScreenshotTest_AutopagePadding' was similar!  Global Difference = 0.001184, Max Local Difference = 0.056086</Value>
        </Measurement>
      </Results>
      <Labels />
      <Status>passed</Status>
      <CompletionStatus>passed</CompletionStatus>
      <ExecutionTime>1.008237361907959</ExecutionTime>
      <Command>Unreal Automation</Command>
      <StartTime>2026-06-18T14:12:04Z</StartTime>
      <EndTime>2026-06-18T14:12:04Z</EndTime>
    </Test>
    <Test Status="passed">
      <Name>Project.Functional Tests.TestMaps.Map.FunctionalTest.UIScreenshotTestMap.FunctionalUIScreenshotTest_EdgeCaseTest</Name>
      <Path>FunctionalUIScreenshotTest_EdgeCaseTest</Path>
      <FullName>Project.Functional Tests.TestMaps.Map.FunctionalTest.UIScreenshotTestMap.FunctionalUIScreenshotTest_EdgeCaseTest</FullName>
      <Results>
        <NamedMeasurement type="numeric/double" name="Execution Time">
          <Value>0.9280303716659546</Value>
        </NamedMeasurement>
        <NamedMeasurement type="text/string" name="Completion Status">
          <Value>passed</Value>
        </NamedMeasurement>
        <NamedMeasurement type="numeric/int" name="Warnings">
          <Value>0</Value>
        </NamedMeasurement>
        <NamedMeasurement type="numeric/int" name="Errors">
          <Value>0</Value>
        </NamedMeasurement>
        <Measurement>
          <Value>[Info] Screenshot 'UIScreenshotTestMap/FunctionalUIScreenshotTest_EdgeCaseTest' was similar!  Global Difference = 0.000000, Max Local Difference = 0.000000</Value>
        </Measurement>
      </Results>
      <Labels />
      <Status>passed</Status>
      <CompletionStatus>passed</CompletionStatus>
      <ExecutionTime>0.9280303716659546</ExecutionTime>
      <Command>Unreal Automation</Command>
      <StartTime>2026-06-18T14:12:04Z</StartTime>
      <EndTime>2026-06-18T14:12:04Z</EndTime>
    </Test>
    <Test Status="passed">
      <Name>Project.Functional Tests.TestMaps.Map.FunctionalTest.UIScreenshotTestMap.FunctionalUIScreenshotTest_TextOverflowWarpNormal_WithTextSegment</Name>
      <Path>FunctionalUIScreenshotTest_TextOverflowWarpNormal_WithTextSegment</Path>
      <FullName>Project.Functional Tests.TestMaps.Map.FunctionalTest.UIScreenshotTestMap.FunctionalUIScreenshotTest_TextOverflowWarpNormal_WithTextSegment</FullName>
      <Results>
        <NamedMeasurement type="numeric/double" name="Execution Time">
          <Value>0.4437200129032135</Value>
        </NamedMeasurement>
        <NamedMeasurement type="text/string" name="Completion Status">
          <Value>passed</Value>
        </NamedMeasurement>
        <NamedMeasurement type="numeric/int" name="Warnings">
          <Value>0</Value>
        </NamedMeasurement>
        <NamedMeasurement type="numeric/int" name="Errors">
          <Value>0</Value>
        </NamedMeasurement>
        <Measurement>
          <Value>[Info] Screenshot 'UIScreenshotTestMap/FunctionalUIScreenshotTest_TextOverflowWarpNormal_WithTextSegment' was similar!  Global Difference = 0.000000, Max Local Difference = 0.000000</Value>
        </Measurement>
      </Results>
      <Labels />
      <Status>passed</Status>
      <CompletionStatus>passed</CompletionStatus>
      <ExecutionTime>0.4437200129032135</ExecutionTime>
      <Command>Unreal Automation</Command>
      <StartTime>2026-06-18T14:12:04Z</StartTime>
      <EndTime>2026-06-18T14:12:04Z</EndTime>
    </Test>
    <Test Status="passed">
      <Name>Project.Functional Tests.TestMaps.Map.FunctionalTest.UIScreenshotTestMap.FunctionalUIScreenshotTest_Tuto01_Simple</Name>
      <Path>FunctionalUIScreenshotTest_Tuto01_Simple</Path>
      <FullName>Project.Functional Tests.TestMaps.Map.FunctionalTest.UIScreenshotTestMap.FunctionalUIScreenshotTest_Tuto01_Simple</FullName>
      <Results>
        <NamedMeasurement type="numeric/double" name="Execution Time">
          <Value>0.6054866909980774</Value>
        </NamedMeasurement>
        <NamedMeasurement type="text/string" name="Completion Status">
          <Value>passed</Value>
        </NamedMeasurement>
        <NamedMeasurement type="numeric/int" name="Warnings">
          <Value>0</Value>
        </NamedMeasurement>
        <NamedMeasurement type="numeric/int" name="Errors">
          <Value>0</Value>
        </NamedMeasurement>
        <Measurement>
          <Value>[Info] Screenshot 'UIScreenshotTestMap/FunctionalUIScreenshotTest_Tuto01_Simple' was similar!  Global Difference = 0.000000, Max Local Difference = 0.000000</Value>
        </Measurement>
      </Results>
      <Labels />
      <Status>passed</Status>
      <CompletionStatus>passed</CompletionStatus>
      <ExecutionTime>0.6054866909980774</ExecutionTime>
      <Command>Unreal Automation</Command>
      <StartTime>2026-06-18T14:12:04Z</StartTime>
      <EndTime>2026-06-18T14:12:04Z</EndTime>
    </Test>
    <Test Status="passed">
      <Name>Project.Functional Tests.TestMaps.Map.FunctionalTest.UIScreenshotTestMap.FunctionalUIScreenshotTest_Tuto02_RichTextSimple</Name>
      <Path>FunctionalUIScreenshotTest_Tuto02_RichTextSimple</Path>
      <FullName>Project.Functional Tests.TestMaps.Map.FunctionalTest.UIScreenshotTestMap.FunctionalUIScreenshotTest_Tuto02_RichTextSimple</FullName>
      <Results>
        <NamedMeasurement type="numeric/double" name="Execution Time">
          <Value>1.023719310760498</Value>
        </NamedMeasurement>
        <NamedMeasurement type="text/string" name="Completion Status">
          <Value>passed</Value>
        </NamedMeasurement>
        <NamedMeasurement type="numeric/int" name="Warnings">
          <Value>0</Value>
        </NamedMeasurement>
        <NamedMeasurement type="numeric/int" name="Errors">
          <Value>0</Value>
        </NamedMeasurement>
        <Measurement>
          <Value>[Info] Screenshot 'UIScreenshotTestMap/FunctionalUIScreenshotTest_Tuto02_RichTextSimple' was similar!  Global Difference = 0.001698, Max Local Difference = 0.085359</Value>
        </Measurement>
      </Results>
      <Labels />
      <Status>passed</Status>
      <CompletionStatus>passed</CompletionStatus>
      <ExecutionTime>1.023719310760498</ExecutionTime>
      <Command>Unreal Automation</Command>
      <StartTime>2026-06-18T14:12:04Z</StartTime>
      <EndTime>2026-06-18T14:12:04Z</EndTime>
    </Test>
    <Test Status="passed">
      <Name>Project.Functional Tests.TestMaps.Map.FunctionalTest.UIScreenshotTestMap.FunctionalUIScreenshotTest_Tuto03_RichTextFont</Name>
      <Path>FunctionalUIScreenshotTest_Tuto03_RichTextFont</Path>
      <FullName>Project.Functional Tests.TestMaps.Map.FunctionalTest.UIScreenshotTestMap.FunctionalUIScreenshotTest_Tuto03_RichTextFont</FullName>
      <Results>
        <NamedMeasurement type="numeric/double" name="Execution Time">
          <Value>0.9400749802589417</Value>
        </NamedMeasurement>
        <NamedMeasurement type="text/string" name="Completion Status">
          <Value>passed</Value>
        </NamedMeasurement>
        <NamedMeasurement type="numeric/int" name="Warnings">
          <Value>0</Value>
        </NamedMeasurement>
        <NamedMeasurement type="numeric/int" name="Errors">
          <Value>0</Value>
        </NamedMeasurement>
        <Measurement>
          <Value>[Info] Screenshot 'UIScreenshotTestMap/FunctionalUIScreenshotTest_Tuto03_RichTextFont' was similar!  Global Difference = 0.000081, Max Local Difference = 0.008054</Value>
        </Measurement>
      </Results>
      <Labels />
      <Status>passed</Status>
      <CompletionStatus>passed</CompletionStatus>
      <ExecutionTime>0.9400749802589417</ExecutionTime>
      <Command>Unreal Automation</Command>
      <StartTime>2026-06-18T14:12:04Z</StartTime>
      <EndTime>2026-06-18T14:12:04Z</EndTime>
    </Test>
    <Test Status="passed">
      <Name>Project.Functional Tests.TestMaps.Map.FunctionalTest.UIScreenshotTestMap.FunctionalUIScreenshotTest_Tuto04_RichTextPadding</Name>
      <Path>FunctionalUIScreenshotTest_Tuto04_RichTextPadding</Path>
      <FullName>Project.Functional Tests.TestMaps.Map.FunctionalTest.UIScreenshotTestMap.FunctionalUIScreenshotTest_Tuto04_RichTextPadding</FullName>
      <Results>
        <NamedMeasurement type="numeric/double" name="Execution Time">
          <Value>0.42697450518608093</Value>
        </NamedMeasurement>
        <NamedMeasurement type="text/string" name="Completion Status">
          <Value>passed</Value>
        </NamedMeasurement>
        <NamedMeasurement type="numeric/int" name="Warnings">
          <Value>0</Value>
        </NamedMeasurement>
        <NamedMeasurement type="numeric/int" name="Errors">
          <Value>0</Value>
        </NamedMeasurement>
        <Measurement>
          <Value>[Info] Screenshot 'UIScreenshotTestMap/FunctionalUIScreenshotTest_Tuto04_RichTextPadding' was similar!  Global Difference = 0.000582, Max Local Difference = 0.058208</Value>
        </Measurement>
      </Results>
      <Labels />
      <Status>passed</Status>
      <CompletionStatus>passed</CompletionStatus>
      <ExecutionTime>0.42697450518608093</ExecutionTime>
      <Command>Unreal Automation</Command>
      <StartTime>2026-06-18T14:12:04Z</StartTime>
      <EndTime>2026-06-18T14:12:04Z</EndTime>
    </Test>
    <Test Status="passed">
      <Name>Project.Functional Tests.TestMaps.Map.FunctionalTest.UIScreenshotTestMap.FunctionalUIScreenshotTest_Tuto05_RichTextSpecialCharacter</Name>
      <Path>FunctionalUIScreenshotTest_Tuto05_RichTextSpecialCharacter</Path>
      <FullName>Project.Functional Tests.TestMaps.Map.FunctionalTest.UIScreenshotTestMap.FunctionalUIScreenshotTest_Tuto05_RichTextSpecialCharacter</FullName>
      <Results>
        <NamedMeasurement type="numeric/double" name="Execution Time">
          <Value>0.4233736991882324</Value>
        </NamedMeasurement>
        <NamedMeasurement type="text/string" name="Completion Status">
          <Value>passed</Value>
        </NamedMeasurement>
        <NamedMeasurement type="numeric/int" name="Warnings">
          <Value>0</Value>
        </NamedMeasurement>
        <NamedMeasurement type="numeric/int" name="Errors">
          <Value>0</Value>
        </NamedMeasurement>
        <Measurement>
          <Value>[Info] Screenshot 'UIScreenshotTestMap/FunctionalUIScreenshotTest_Tuto05_RichTextSpecialCharacter' was similar!  Global Difference = 0.000000, Max Local Difference = 0.000000</Value>
        </Measurement>
      </Results>
      <Labels />
      <Status>passed</Status>
      <CompletionStatus>passed</CompletionStatus>
      <ExecutionTime>0.4233736991882324</ExecutionTime>
      <Command>Unreal Automation</Command>
      <StartTime>2026-06-18T14:12:04Z</StartTime>
      <EndTime>2026-06-18T14:12:04Z</EndTime>
    </Test>
    <Test Status="passed">
      <Name>Project.Functional Tests.TestMaps.Map.FunctionalTest.UIScreenshotTestMap.FunctionalUIScreenshotTest_Tuto06_EventTrigger</Name>
      <Path>FunctionalUIScreenshotTest_Tuto06_EventTrigger</Path>
      <FullName>Project.Functional Tests.TestMaps.Map.FunctionalTest.UIScreenshotTestMap.FunctionalUIScreenshotTest_Tuto06_EventTrigger</FullName>
      <Results>
        <NamedMeasurement type="numeric/double" name="Execution Time">
          <Value>3.8910810947418213</Value>
        </NamedMeasurement>
        <NamedMeasurement type="text/string" name="Completion Status">
          <Value>passed</Value>
        </NamedMeasurement>
        <NamedMeasurement type="numeric/int" name="Warnings">
          <Value>0</Value>
        </NamedMeasurement>
        <NamedMeasurement type="numeric/int" name="Errors">
          <Value>0</Value>
        </NamedMeasurement>
        <Measurement>
          <Value>[Info] Screenshot 'UIScreenshotTestMap/FunctionalUIScreenshotTest_Tuto06_EventTrigger' was similar!  Global Difference = 0.000000, Max Local Difference = 0.000000</Value>
        </Measurement>
      </Results>
      <Labels />
      <Status>passed</Status>
      <CompletionStatus>passed</CompletionStatus>
      <ExecutionTime>3.8910810947418213</ExecutionTime>
      <Command>Unreal Automation</Command>
      <StartTime>2026-06-18T14:12:04Z</StartTime>
      <EndTime>2026-06-18T14:12:04Z</EndTime>
    </Test>
    <Test Status="passed">
      <Name>Project.Functional Tests.TestMaps.Map.FunctionalTest.UIScreenshotTestMap.FunctionalUIScreenshotTest_Tuto07_OverflowWarp</Name>
      <Path>FunctionalUIScreenshotTest_Tuto07_OverflowWarp</Path>
      <FullName>Project.Functional Tests.TestMaps.Map.FunctionalTest.UIScreenshotTestMap.FunctionalUIScreenshotTest_Tuto07_OverflowWarp</FullName>
      <Results>
        <NamedMeasurement type="numeric/double" name="Execution Time">
          <Value>0.49547380208969116</Value>
        </NamedMeasurement>
        <NamedMeasurement type="text/string" name="Completion Status">
          <Value>passed</Value>
        </NamedMeasurement>
        <NamedMeasurement type="numeric/int" name="Warnings">
          <Value>0</Value>
        </NamedMeasurement>
        <NamedMeasurement type="numeric/int" name="Errors">
          <Value>0</Value>
        </NamedMeasurement>
        <Measurement>
          <Value>[Info] Screenshot 'UIScreenshotTestMap/FunctionalUIScreenshotTest_Tuto07_OverflowWarp' was similar!  Global Difference = 0.007293, Max Local Difference = 0.132716</Value>
        </Measurement>
      </Results>
      <Labels />
      <Status>passed</Status>
      <CompletionStatus>passed</CompletionStatus>
      <ExecutionTime>0.49547380208969116</ExecutionTime>
      <Command>Unreal Automation</Command>
      <StartTime>2026-06-18T14:12:04Z</StartTime>
      <EndTime>2026-06-18T14:12:04Z</EndTime>
    </Test>
    <Test Status="passed">
      <Name>Project.Functional Tests.TestMaps.Map.FunctionalTest.UIScreenshotTestMap.FunctionalUIScreenshotTest_Tuto08_HyperText</Name>
      <Path>FunctionalUIScreenshotTest_Tuto08_HyperText</Path>
      <FullName>Project.Functional Tests.TestMaps.Map.FunctionalTest.UIScreenshotTestMap.FunctionalUIScreenshotTest_Tuto08_HyperText</FullName>
      <Results>
        <NamedMeasurement type="numeric/double" name="Execution Time">
          <Value>1.04643976688385</Value>
        </NamedMeasurement>
        <NamedMeasurement type="text/string" name="Completion Status">
          <Value>passed</Value>
        </NamedMeasurement>
        <NamedMeasurement type="numeric/int" name="Warnings">
          <Value>0</Value>
        </NamedMeasurement>
        <NamedMeasurement type="numeric/int" name="Errors">
          <Value>0</Value>
        </NamedMeasurement>
        <Measurement>
          <Value>[Info] Screenshot 'UIScreenshotTestMap/FunctionalUIScreenshotTest_Tuto08_HyperText' was similar!  Global Difference = 0.000201, Max Local Difference = 0.020062</Value>
        </Measurement>
      </Results>
      <Labels />
      <Status>passed</Status>
      <CompletionStatus>passed</CompletionStatus>
      <ExecutionTime>1.04643976688385</ExecutionTime>
      <Command>Unreal Automation</Command>
      <StartTime>2026-06-18T14:12:04Z</StartTime>
      <EndTime>2026-06-18T14:12:04Z</EndTime>
    </Test>
    <Test Status="passed">
      <Name>Project.Functional Tests.TestMaps.Map.FunctionalTest.UIScreenshotTestMap.FunctionalUIScreenshotTest_Tuto09_Sound</Name>
      <Path>FunctionalUIScreenshotTest_Tuto09_Sound</Path>
      <FullName>Project.Functional Tests.TestMaps.Map.FunctionalTest.UIScreenshotTestMap.FunctionalUIScreenshotTest_Tuto09_Sound</FullName>
      <Results>
        <NamedMeasurement type="numeric/double" name="Execution Time">
          <Value>2.9275872707366943</Value>
        </NamedMeasurement>
        <NamedMeasurement type="text/string" name="Completion Status">
          <Value>passed</Value>
        </NamedMeasurement>
        <NamedMeasurement type="numeric/int" name="Warnings">
          <Value>0</Value>
        </NamedMeasurement>
        <NamedMeasurement type="numeric/int" name="Errors">
          <Value>0</Value>
        </NamedMeasurement>
        <Measurement>
          <Value>[Info] Screenshot 'UIScreenshotTestMap/FunctionalUIScreenshotTest_Tuto09_Sound' was similar!  Global Difference = 0.000554, Max Local Difference = 0.042872</Value>
        </Measurement>
      </Results>
      <Labels />
      <Status>passed</Status>
      <CompletionStatus>passed</CompletionStatus>
      <ExecutionTime>2.9275872707366943</ExecutionTime>
      <Command>Unreal Automation</Command>
      <StartTime>2026-06-18T14:12:04Z</StartTime>
      <EndTime>2026-06-18T14:12:04Z</EndTime>
    </Test>
    <Test Status="passed">
      <Name>Project.Functional Tests.TestMaps.Map.FunctionalTest.UIScreenshotTestMap.FunctionalUIScreenshotTest_Tuto10_StyleInfo</Name>
      <Path>FunctionalUIScreenshotTest_Tuto10_StyleInfo</Path>
      <FullName>Project.Functional Tests.TestMaps.Map.FunctionalTest.UIScreenshotTestMap.FunctionalUIScreenshotTest_Tuto10_StyleInfo</FullName>
      <Results>
        <NamedMeasurement type="numeric/double" name="Execution Time">
          <Value>1.229989767074585</Value>
        </NamedMeasurement>
        <NamedMeasurement type="text/string" name="Completion Status">
          <Value>passed</Value>
        </NamedMeasurement>
        <NamedMeasurement type="numeric/int" name="Warnings">
          <Value>0</Value>
        </NamedMeasurement>
        <NamedMeasurement type="numeric/int" name="Errors">
          <Value>0</Value>
        </NamedMeasurement>
        <Measurement>
          <Value>[Info] Screenshot 'UIScreenshotTestMap/FunctionalUIScreenshotTest_Tuto10_StyleInfo' was similar!  Global Difference = 0.006605, Max Local Difference = 0.237027</Value>
        </Measurement>
      </Results>
      <Labels />
      <Status>passed</Status>
      <CompletionStatus>passed</CompletionStatus>
      <ExecutionTime>1.229989767074585</ExecutionTime>
      <Command>Unreal Automation</Command>
      <StartTime>2026-06-18T14:12:04Z</StartTime>
      <EndTime>2026-06-18T14:12:04Z</EndTime>
    </Test>
    <Test Status="passed">
      <Name>Project.Functional Tests.TestMaps.Map.FunctionalTest.UIScreenshotTestMap.FunctionalUIScreenshotTest_Tuto11_AutoPage</Name>
      <Path>FunctionalUIScreenshotTest_Tuto11_AutoPage</Path>
      <FullName>Project.Functional Tests.TestMaps.Map.FunctionalTest.UIScreenshotTestMap.FunctionalUIScreenshotTest_Tuto11_AutoPage</FullName>
      <Results>
        <NamedMeasurement type="numeric/double" name="Execution Time">
          <Value>2.2149240970611572</Value>
        </NamedMeasurement>
        <NamedMeasurement type="text/string" name="Completion Status">
          <Value>passed</Value>
        </NamedMeasurement>
        <NamedMeasurement type="numeric/int" name="Warnings">
          <Value>0</Value>
        </NamedMeasurement>
        <NamedMeasurement type="numeric/int" name="Errors">
          <Value>0</Value>
        </NamedMeasurement>
        <Measurement>
          <Value>[Info] Screenshot 'UIScreenshotTestMap/FunctionalUIScreenshotTest_Tuto11_AutoPage' was similar!  Global Difference = 0.001731, Max Local Difference = 0.112799</Value>
        </Measurement>
      </Results>
      <Labels />
      <Status>passed</Status>
      <CompletionStatus>passed</CompletionStatus>
      <ExecutionTime>2.2149240970611572</ExecutionTime>
      <Command>Unreal Automation</Command>
      <StartTime>2026-06-18T14:12:04Z</StartTime>
      <EndTime>2026-06-18T14:12:04Z</EndTime>
    </Test>
    <Test Status="passed">
      <Name>Project.Functional Tests.TestMaps.Map.FunctionalTest.UIScreenshotTestMap.FunctionalUIScreenshotTest_Tuto12_AutoPage_Long</Name>
      <Path>FunctionalUIScreenshotTest_Tuto12_AutoPage_Long</Path>
      <FullName>Project.Functional Tests.TestMaps.Map.FunctionalTest.UIScreenshotTestMap.FunctionalUIScreenshotTest_Tuto12_AutoPage_Long</FullName>
      <Results>
        <NamedMeasurement type="numeric/double" name="Execution Time">
          <Value>1.4329982995986938</Value>
        </NamedMeasurement>
        <NamedMeasurement type="text/string" name="Completion Status">
          <Value>passed</Value>
        </NamedMeasurement>
        <NamedMeasurement type="numeric/int" name="Warnings">
          <Value>0</Value>
        </NamedMeasurement>
        <NamedMeasurement type="numeric/int" name="Errors">
          <Value>0</Value>
        </NamedMeasurement>
        <Measurement>
          <Value>[Info] Screenshot 'UIScreenshotTestMap/FunctionalUIScreenshotTest_Tuto12_AutoPage_Long' was similar!  Global Difference = 0.001707, Max Local Difference = 0.170621</Value>
        </Measurement>
      </Results>
      <Labels />
      <Status>passed</Status>
      <CompletionStatus>passed</CompletionStatus>
      <ExecutionTime>1.4329982995986938</ExecutionTime>
      <Command>Unreal Automation</Command>
      <StartTime>2026-06-18T14:12:04Z</StartTime>
      <EndTime>2026-06-18T14:12:04Z</EndTime>
    </Test>
    <Test Status="passed">
      <Name>Project.Functional Tests.TestMaps.Map.FunctionalTest.UIScreenshotTestMap.FunctionalUIScreenshotTest_Tuto13_Justification</Name>
      <Path>FunctionalUIScreenshotTest_Tuto13_Justification</Path>
      <FullName>Project.Functional Tests.TestMaps.Map.FunctionalTest.UIScreenshotTestMap.FunctionalUIScreenshotTest_Tuto13_Justification</FullName>
      <Results>
        <NamedMeasurement type="numeric/double" name="Execution Time">
          <Value>0.7966632843017578</Value>
        </NamedMeasurement>
        <NamedMeasurement type="text/string" name="Completion Status">
          <Value>passed</Value>
        </NamedMeasurement>
        <NamedMeasurement type="numeric/int" name="Warnings">
          <Value>0</Value>
        </NamedMeasurement>
        <NamedMeasurement type="numeric/int" name="Errors">
          <Value>0</Value>
        </NamedMeasurement>
        <Measurement>
          <Value>[Info] Screenshot 'UIScreenshotTestMap/FunctionalUIScreenshotTest_Tuto13_Justification' was similar!  Global Difference = 0.001032, Max Local Difference = 0.034385</Value>
        </Measurement>
      </Results>
      <Labels />
      <Status>passed</Status>
      <CompletionStatus>passed</CompletionStatus>
      <ExecutionTime>0.7966632843017578</ExecutionTime>
      <Command>Unreal Automation</Command>
      <StartTime>2026-06-18T14:12:04Z</StartTime>
      <EndTime>2026-06-18T14:12:04Z</EndTime>
    </Test>
    <Test Status="passed">
      <Name>Project.Functional Tests.TestMaps.Map.FunctionalTest.UIScreenshotTestMap.FunctionalUIScreenshotTest_Tuto14_SpriteSheet</Name>
      <Path>FunctionalUIScreenshotTest_Tuto14_SpriteSheet</Path>
      <FullName>Project.Functional Tests.TestMaps.Map.FunctionalTest.UIScreenshotTestMap.FunctionalUIScreenshotTest_Tuto14_SpriteSheet</FullName>
      <Results>
        <NamedMeasurement type="numeric/double" name="Execution Time">
          <Value>0.8462927937507629</Value>
        </NamedMeasurement>
        <NamedMeasurement type="text/string" name="Completion Status">
          <Value>passed</Value>
        </NamedMeasurement>
        <NamedMeasurement type="numeric/int" name="Warnings">
          <Value>0</Value>
        </NamedMeasurement>
        <NamedMeasurement type="numeric/int" name="Errors">
          <Value>0</Value>
        </NamedMeasurement>
        <Measurement>
          <Value>[Info] Screenshot 'UIScreenshotTestMap/FunctionalUIScreenshotTest_Tuto14_SpriteSheet' was similar!  Global Difference = 0.000000, Max Local Difference = 0.000000</Value>
        </Measurement>
      </Results>
      <Labels />
      <Status>passed</Status>
      <CompletionStatus>passed</CompletionStatus>
      <ExecutionTime>0.8462927937507629</ExecutionTime>
      <Command>Unreal Automation</Command>
      <StartTime>2026-06-18T14:12:04Z</StartTime>
      <EndTime>2026-06-18T14:12:04Z</EndTime>
    </Test>
    <Test Status="passed">
      <Name>Project.Functional Tests.TestMaps.Map.FunctionalTest.UIScreenshotTestMap.FunctionalUIScreenshotTest_Tuto15_NoCanvasPanelAndSizeBox</Name>
      <Path>FunctionalUIScreenshotTest_Tuto15_NoCanvasPanelAndSizeBox</Path>
      <FullName>Project.Functional Tests.TestMaps.Map.FunctionalTest.UIScreenshotTestMap.FunctionalUIScreenshotTest_Tuto15_NoCanvasPanelAndSizeBox</FullName>
      <Results>
        <NamedMeasurement type="numeric/double" name="Execution Time">
          <Value>0.6564276218414307</Value>
        </NamedMeasurement>
        <NamedMeasurement type="text/string" name="Completion Status">
          <Value>passed</Value>
        </NamedMeasurement>
        <NamedMeasurement type="numeric/int" name="Warnings">
          <Value>0</Value>
        </NamedMeasurement>
        <NamedMeasurement type="numeric/int" name="Errors">
          <Value>0</Value>
        </NamedMeasurement>
        <Measurement>
          <Value>[Info] Screenshot 'UIScreenshotTestMap/FunctionalUIScreenshotTest_Tuto15_NoCanvasPanelAndSizeBox' was similar!  Global Difference = 0.000095, Max Local Difference = 0.009549</Value>
        </Measurement>
      </Results>
      <Labels />
      <Status>passed</Status>
      <CompletionStatus>passed</CompletionStatus>
      <ExecutionTime>0.6564276218414307</ExecutionTime>
      <Command>Unreal Automation</Command>
      <StartTime>2026-06-18T14:12:04Z</StartTime>
      <EndTime>2026-06-18T14:12:04Z</EndTime>
    </Test>
    <Test Status="passed">
      <Name>Project.Functional Tests.TestMaps.Map.FunctionalTest.UIScreenshotTestMap.FunctionalUIScreenshotTest_Tuto16_RubyText</Name>
      <Path>FunctionalUIScreenshotTest_Tuto16_RubyText</Path>
      <FullName>Project.Functional Tests.TestMaps.Map.FunctionalTest.UIScreenshotTestMap.FunctionalUIScreenshotTest_Tuto16_RubyText</FullName>
      <Results>
        <NamedMeasurement type="numeric/double" name="Execution Time">
          <Value>0.8928074836730957</Value>
        </NamedMeasurement>
        <NamedMeasurement type="text/string" name="Completion Status">
          <Value>passed</Value>
        </NamedMeasurement>
        <NamedMeasurement type="numeric/int" name="Warnings">
          <Value>0</Value>
        </NamedMeasurement>
        <NamedMeasurement type="numeric/int" name="Errors">
          <Value>0</Value>
        </NamedMeasurement>
        <Measurement>
          <Value>[Info] Screenshot 'UIScreenshotTestMap/FunctionalUIScreenshotTest_Tuto16_RubyText' was similar!  Global Difference = 0.000000, Max Local Difference = 0.000000</Value>
        </Measurement>
      </Results>
      <Labels />
      <Status>passed</Status>
      <CompletionStatus>passed</CompletionStatus>
      <ExecutionTime>0.8928074836730957</ExecutionTime>
      <Command>Unreal Automation</Command>
      <StartTime>2026-06-18T14:12:04Z</StartTime>
      <EndTime>2026-06-18T14:12:04Z</EndTime>
    </Test>
    <Test Status="passed">
      <Name>Project.Functional Tests.TestMaps.Map.FunctionalTest.UIScreenshotTestMap.FunctionalUIScreenshotTest_Tuto17_Decorator</Name>
      <Path>FunctionalUIScreenshotTest_Tuto17_Decorator</Path>
      <FullName>Project.Functional Tests.TestMaps.Map.FunctionalTest.UIScreenshotTestMap.FunctionalUIScreenshotTest_Tuto17_Decorator</FullName>
      <Results>
        <NamedMeasurement type="numeric/double" name="Execution Time">
          <Value>1.331422209739685</Value>
        </NamedMeasurement>
        <NamedMeasurement type="text/string" name="Completion Status">
          <Value>passed</Value>
        </NamedMeasurement>
        <NamedMeasurement type="numeric/int" name="Warnings">
          <Value>0</Value>
        </NamedMeasurement>
        <NamedMeasurement type="numeric/int" name="Errors">
          <Value>0</Value>
        </NamedMeasurement>
        <Measurement>
          <Value>[Info] Screenshot 'UIScreenshotTestMap/FunctionalUIScreenshotTest_Tuto17_Decorator' was similar!  Global Difference = 0.000000, Max Local Difference = 0.000000</Value>
        </Measurement>
      </Results>
      <Labels />
      <Status>passed</Status>
      <CompletionStatus>passed</CompletionStatus>
      <ExecutionTime>1.331422209739685</ExecutionTime>
      <Command>Unreal Automation</Command>
      <StartTime>2026-06-18T14:12:04Z</StartTime>
      <EndTime>2026-06-18T14:12:04Z</EndTime>
    </Test>
    <Test Status="passed">
      <Name>Project.Functional Tests.TestMaps.Map.FunctionalTest.UIScreenshotTestMap.FunctionalUIScreenshotTest_Tuto18_NewPageTag</Name>
      <Path>FunctionalUIScreenshotTest_Tuto18_NewPageTag</Path>
      <FullName>Project.Functional Tests.TestMaps.Map.FunctionalTest.UIScreenshotTestMap.FunctionalUIScreenshotTest_Tuto18_NewPageTag</FullName>
      <Results>
        <NamedMeasurement type="numeric/double" name="Execution Time">
          <Value>0.6460729241371155</Value>
        </NamedMeasurement>
        <NamedMeasurement type="text/string" name="Completion Status">
          <Value>passed</Value>
        </NamedMeasurement>
        <NamedMeasurement type="numeric/int" name="Warnings">
          <Value>0</Value>
        </NamedMeasurement>
        <NamedMeasurement type="numeric/int" name="Errors">
          <Value>0</Value>
        </NamedMeasurement>
        <Measurement>
          <Value>[Info] Screenshot 'UIScreenshotTestMap/FunctionalUIScreenshotTest_Tuto18_NewPageTag' was similar!  Global Difference = 0.000000, Max Local Difference = 0.000000</Value>
        </Measurement>
      </Results>
      <Labels />
      <Status>passed</Status>
      <CompletionStatus>passed</CompletionStatus>
      <ExecutionTime>0.6460729241371155</ExecutionTime>
      <Command>Unreal Automation</Command>
      <StartTime>2026-06-18T14:12:04Z</StartTime>
      <EndTime>2026-06-18T14:12:04Z</EndTime>
    </Test>
    <Test Status="passed">
      <Name>Project.Functional Tests.TestMaps.Map.FunctionalTest.UIScreenshotTestMap.FunctionalUIScreenshotTest_Tuto20_Binlker</Name>
      <Path>FunctionalUIScreenshotTest_Tuto20_Binlker</Path>
      <FullName>Project.Functional Tests.TestMaps.Map.FunctionalTest.UIScreenshotTestMap.FunctionalUIScreenshotTest_Tuto20_Binlker</FullName>
      <Results>
        <NamedMeasurement type="numeric/double" name="Execution Time">
          <Value>0.7042046189308167</Value>
        </NamedMeasurement>
        <NamedMeasurement type="text/string" name="Completion Status">
          <Value>passed</Value>
        </NamedMeasurement>
        <NamedMeasurement type="numeric/int" name="Warnings">
          <Value>0</Value>
        </NamedMeasurement>
        <NamedMeasurement type="numeric/int" name="Errors">
          <Value>0</Value>
        </NamedMeasurement>
        <Measurement>
          <Value>[Info] Screenshot 'UIScreenshotTestMap/FunctionalUIScreenshotTest_Tuto20_Binlker' was similar!  Global Difference = 0.000000, Max Local Difference = 0.000000</Value>
        </Measurement>
      </Results>
      <Labels />
      <Status>passed</Status>
      <CompletionStatus>passed</CompletionStatus>
      <ExecutionTime>0.7042046189308167</ExecutionTime>
      <Command>Unreal Automation</Command>
      <StartTime>2026-06-18T14:12:04Z</StartTime>
      <EndTime>2026-06-18T14:12:04Z</EndTime>
    </Test>
  </Testing>
</Site>