<?xml version='1.0' encoding='utf-8'?>
<Site BuildName="Windows" BuildStamp="0001.01.01-00.00.00" Generator="UE4_Automation_System" CompilerName="" CompilerVersion="" OSName="Windows" Hostname="PC-DorgonChang-RTX3090" OSRelease="11" OSVersion="10.0.26200" OSPlatform="Windows" Is64Bits="1" VendorString="AMD64 Family 25 Model 33 Stepping 0, AuthenticAMD" VendorID="AMD64 Family 25 Model 33 Stepping 0, AuthenticAMD" FamilyID="" ModelID="" ProcessorCacheSize="" NumberOfLogicalCPU="32" NumberOfPhysicalCPU="" TotalVirtualMemory="" TotalPhysicalMemory="" LogicalProcessorsPerPhysical="" ProcessorClockFrequency="">
  <Testing>
    <StartDateTime>0001.01.01-00.00.00</StartDateTime>
    <StartTestTime>0</StartTestTime>
    <EndDateTime>0001.01.01-00.00.00</EndDateTime>
    <EndTestTime>0</EndTestTime>
    <ElapsedMinutes>0.00</ElapsedMinutes>
    <TestList>
      <Test>Plugin.SmokeTest.HorizonUI.EnumValidation</Test>
      <Test>Plugin.SmokeTest.HorizonUI.ModuleLoad</Test>
      <Test>Plugin.SmokeTest.HorizonUI.StructInstantiation</Test>
      <Test>Plugin.SmokeTest.HorizonUI.Success</Test>
      <Test>Plugin.UnitTests.HorizonUI.BlinkingCursor</Test>
      <Test>Plugin.UnitTests.HorizonUI.DialogueBlock</Test>
      <Test>Plugin.UnitTests.HorizonUI.DialogueLine</Test>
      <Test>Plugin.UnitTests.HorizonUI.DialoguePage</Test>
      <Test>Plugin.UnitTests.HorizonUI.DialogueSegment</Test>
      <Test>Plugin.UnitTests.HorizonUI.TextOverflow</Test>
      <Test>Project.Functional Tests.TestMaps.Map.FunctionalTest.UIScreenshotTestMap.BP_FunctionalUIScreenshotTest_BugReport_WBP_DialogueWindow</Test>
      <Test>Project.Functional Tests.TestMaps.Map.FunctionalTest.UIScreenshotTestMap.BP_FunctionalUIScreenshotTest_BugReport_WBP_DynamicSizeBox</Test>
      <Test>Project.Functional Tests.TestMaps.Map.FunctionalTest.UIScreenshotTestMap.BP_FunctionalUIScreenshotTest_BugReport_WBP_SizeToContent</Test>
      <Test>Project.Functional Tests.TestMaps.Map.FunctionalTest.UIScreenshotTestMap.BP_FunctionalUIScreenshotTest_BugReport_WBP_TileViewTestHUD</Test>
      <Test>Project.Functional Tests.TestMaps.Map.FunctionalTest.UIScreenshotTestMap.BP_FunctionalUIScreenshotTest_BugReport_WBP_VerticalSlot</Test>
      <Test>Project.Functional Tests.TestMaps.Map.FunctionalTest.UIScreenshotTestMap.BP_FunctionalUIScreenshotTest_WBP_RadioButtonMain</Test>
      <Test>Project.Functional Tests.TestMaps.Map.FunctionalTest.UIScreenshotTestMap.FunctionalUIScreenshotTest_AutoPageLine</Test>
      <Test>Project.Functional Tests.TestMaps.Map.FunctionalTest.UIScreenshotTestMap.FunctionalUIScreenshotTest_AutopagePadding</Test>
      <Test>Project.Functional Tests.TestMaps.Map.FunctionalTest.UIScreenshotTestMap.FunctionalUIScreenshotTest_EdgeCaseTest</Test>
      <Test>Project.Functional Tests.TestMaps.Map.FunctionalTest.UIScreenshotTestMap.FunctionalUIScreenshotTest_TextOverflowWarpNormal_WithTextSegment</Test>
      <Test>Project.Functional Tests.TestMaps.Map.FunctionalTest.UIScreenshotTestMap.FunctionalUIScreenshotTest_Tuto01_Simple</Test>
      <Test>Project.Functional Tests.TestMaps.Map.FunctionalTest.UIScreenshotTestMap.FunctionalUIScreenshotTest_Tuto02_RichTextSimple</Test>
      <Test>Project.Functional Tests.TestMaps.Map.FunctionalTest.UIScreenshotTestMap.FunctionalUIScreenshotTest_Tuto03_RichTextFont</Test>
      <Test>Project.Functional Tests.TestMaps.Map.FunctionalTest.UIScreenshotTestMap.FunctionalUIScreenshotTest_Tuto04_RichTextPadding</Test>
      <Test>Project.Functional Tests.TestMaps.Map.FunctionalTest.UIScreenshotTestMap.FunctionalUIScreenshotTest_Tuto05_RichTextSpecialCharacter</Test>
      <Test>Project.Functional Tests.TestMaps.Map.FunctionalTest.UIScreenshotTestMap.FunctionalUIScreenshotTest_Tuto06_EventTrigger</Test>
      <Test>Project.Functional Tests.TestMaps.Map.FunctionalTest.UIScreenshotTestMap.FunctionalUIScreenshotTest_Tuto07_OverflowWarp</Test>
      <Test>Project.Functional Tests.TestMaps.Map.FunctionalTest.UIScreenshotTestMap.FunctionalUIScreenshotTest_Tuto08_HyperText</Test>
      <Test>Project.Functional Tests.TestMaps.Map.FunctionalTest.UIScreenshotTestMap.FunctionalUIScreenshotTest_Tuto09_Sound</Test>
      <Test>Project.Functional Tests.TestMaps.Map.FunctionalTest.UIScreenshotTestMap.FunctionalUIScreenshotTest_Tuto10_StyleInfo</Test>
      <Test>Project.Functional Tests.TestMaps.Map.FunctionalTest.UIScreenshotTestMap.FunctionalUIScreenshotTest_Tuto11_AutoPage</Test>
      <Test>Project.Functional Tests.TestMaps.Map.FunctionalTest.UIScreenshotTestMap.FunctionalUIScreenshotTest_Tuto12_AutoPage_Long</Test>
      <Test>Project.Functional Tests.TestMaps.Map.FunctionalTest.UIScreenshotTestMap.FunctionalUIScreenshotTest_Tuto13_Justification</Test>
      <Test>Project.Functional Tests.TestMaps.Map.FunctionalTest.UIScreenshotTestMap.FunctionalUIScreenshotTest_Tuto14_SpriteSheet</Test>
      <Test>Project.Functional Tests.TestMaps.Map.FunctionalTest.UIScreenshotTestMap.FunctionalUIScreenshotTest_Tuto15_NoCanvasPanelAndSizeBox</Test>
      <Test>Project.Functional Tests.TestMaps.Map.FunctionalTest.UIScreenshotTestMap.FunctionalUIScreenshotTest_Tuto16_RubyText</Test>
      <Test>Project.Functional Tests.TestMaps.Map.FunctionalTest.UIScreenshotTestMap.FunctionalUIScreenshotTest_Tuto17_Decorator</Test>
      <Test>Project.Functional Tests.TestMaps.Map.FunctionalTest.UIScreenshotTestMap.FunctionalUIScreenshotTest_Tuto18_NewPageTag</Test>
      <Test>Project.Functional Tests.TestMaps.Map.FunctionalTest.UIScreenshotTestMap.FunctionalUIScreenshotTest_Tuto20_Binlker</Test>
    </TestList>
    <Test Status="passed">
      <Name>Plugin.SmokeTest.HorizonUI.EnumValidation</Name>
      <Path>EnumValidation</Path>
      <FullName>Plugin.SmokeTest.HorizonUI.EnumValidation</FullName>
      <Results>
        <NamedMeasurement type="numeric/double" name="Execution Time">
          <Value>0.009617097675800323</Value>
        </NamedMeasurement>
        <NamedMeasurement type="text/string" name="Completion Status">
          <Value>passed</Value>
        </NamedMeasurement>
        <NamedMeasurement type="numeric/int" name="Warnings">
          <Value>0</Value>
        </NamedMeasurement>
        <NamedMeasurement type="numeric/int" name="Errors">
          <Value>0</Value>
        </NamedMeasurement>
        <Measurement>
          <Value />
        </Measurement>
      </Results>
      <Labels />
      <Status>passed</Status>
      <CompletionStatus>passed</CompletionStatus>
      <ExecutionTime>0.009617097675800323</ExecutionTime>
      <Command>Unreal Automation</Command>
      <StartTime>2026-06-08T12:05:39Z</StartTime>
      <EndTime>2026-06-08T12:05:39Z</EndTime>
    </Test>
    <Test Status="passed">
      <Name>Plugin.SmokeTest.HorizonUI.ModuleLoad</Name>
      <Path>ModuleLoad</Path>
      <FullName>Plugin.SmokeTest.HorizonUI.ModuleLoad</FullName>
      <Results>
        <NamedMeasurement type="numeric/double" name="Execution Time">
          <Value>0.004767701029777527</Value>
        </NamedMeasurement>
        <NamedMeasurement type="text/string" name="Completion Status">
          <Value>passed</Value>
        </NamedMeasurement>
        <NamedMeasurement type="numeric/int" name="Warnings">
          <Value>0</Value>
        </NamedMeasurement>
        <NamedMeasurement type="numeric/int" name="Errors">
          <Value>0</Value>
        </NamedMeasurement>
        <Measurement>
          <Value />
        </Measurement>
      </Results>
      <Labels />
      <Status>passed</Status>
      <CompletionStatus>passed</CompletionStatus>
      <ExecutionTime>0.004767701029777527</ExecutionTime>
      <Command>Unreal Automation</Command>
      <StartTime>2026-06-08T12:05:39Z</StartTime>
      <EndTime>2026-06-08T12:05:39Z</EndTime>
    </Test>
    <Test Status="passed">
      <Name>Plugin.SmokeTest.HorizonUI.StructInstantiation</Name>
      <Path>StructInstantiation</Path>
      <FullName>Plugin.SmokeTest.HorizonUI.StructInstantiation</FullName>
      <Results>
        <NamedMeasurement type="numeric/double" name="Execution Time">
          <Value>0.01463409885764122</Value>
        </NamedMeasurement>
        <NamedMeasurement type="text/string" name="Completion Status">
          <Value>passed</Value>
        </NamedMeasurement>
        <NamedMeasurement type="numeric/int" name="Warnings">
          <Value>0</Value>
        </NamedMeasurement>
        <NamedMeasurement type="numeric/int" name="Errors">
          <Value>0</Value>
        </NamedMeasurement>
        <Measurement>
          <Value />
        </Measurement>
      </Results>
      <Labels />
      <Status>passed</Status>
      <CompletionStatus>passed</CompletionStatus>
      <ExecutionTime>0.01463409885764122</ExecutionTime>
      <Command>Unreal Automation</Command>
      <StartTime>2026-06-08T12:05:39Z</StartTime>
      <EndTime>2026-06-08T12:05:39Z</EndTime>
    </Test>
    <Test Status="passed">
      <Name>Plugin.SmokeTest.HorizonUI.Success</Name>
      <Path>Success</Path>
      <FullName>Plugin.SmokeTest.HorizonUI.Success</FullName>
      <Results>
        <NamedMeasurement type="numeric/double" name="Execution Time">
          <Value>0.005059000104665756</Value>
        </NamedMeasurement>
        <NamedMeasurement type="text/string" name="Completion Status">
          <Value>passed</Value>
        </NamedMeasurement>
        <NamedMeasurement type="numeric/int" name="Warnings">
          <Value>0</Value>
        </NamedMeasurement>
        <NamedMeasurement type="numeric/int" name="Errors">
          <Value>0</Value>
        </NamedMeasurement>
        <Measurement>
          <Value />
        </Measurement>
      </Results>
      <Labels />
      <Status>passed</Status>
      <CompletionStatus>passed</CompletionStatus>
      <ExecutionTime>0.005059000104665756</ExecutionTime>
      <Command>Unreal Automation</Command>
      <StartTime>2026-06-08T12:05:39Z</StartTime>
      <EndTime>2026-06-08T12:05:39Z</EndTime>
    </Test>
    <Test Status="passed">
      <Name>Plugin.UnitTests.HorizonUI.BlinkingCursor</Name>
      <Path>BlinkingCursor</Path>
      <FullName>Plugin.UnitTests.HorizonUI.BlinkingCursor</FullName>
      <Results>
        <NamedMeasurement type="numeric/double" name="Execution Time">
          <Value>0.01238660141825676</Value>
        </NamedMeasurement>
        <NamedMeasurement type="text/string" name="Completion Status">
          <Value>passed</Value>
        </NamedMeasurement>
        <NamedMeasurement type="numeric/int" name="Warnings">
          <Value>0</Value>
        </NamedMeasurement>
        <NamedMeasurement type="numeric/int" name="Errors">
          <Value>0</Value>
        </NamedMeasurement>
        <Measurement>
          <Value />
        </Measurement>
      </Results>
      <Labels />
      <Status>passed</Status>
      <CompletionStatus>passed</CompletionStatus>
      <ExecutionTime>0.01238660141825676</ExecutionTime>
      <Command>Unreal Automation</Command>
      <StartTime>2026-06-08T12:05:39Z</StartTime>
      <EndTime>2026-06-08T12:05:39Z</EndTime>
    </Test>
    <Test Status="passed">
      <Name>Plugin.UnitTests.HorizonUI.DialogueBlock</Name>
      <Path>DialogueBlock</Path>
      <FullName>Plugin.UnitTests.HorizonUI.DialogueBlock</FullName>
      <Results>
        <NamedMeasurement type="numeric/double" name="Execution Time">
          <Value>0.010288499295711517</Value>
        </NamedMeasurement>
        <NamedMeasurement type="text/string" name="Completion Status">
          <Value>passed</Value>
        </NamedMeasurement>
        <NamedMeasurement type="numeric/int" name="Warnings">
          <Value>0</Value>
        </NamedMeasurement>
        <NamedMeasurement type="numeric/int" name="Errors">
          <Value>0</Value>
        </NamedMeasurement>
        <Measurement>
          <Value />
        </Measurement>
      </Results>
      <Labels />
      <Status>passed</Status>
      <CompletionStatus>passed</CompletionStatus>
      <ExecutionTime>0.010288499295711517</ExecutionTime>
      <Command>Unreal Automation</Command>
      <StartTime>2026-06-08T12:05:39Z</StartTime>
      <EndTime>2026-06-08T12:05:39Z</EndTime>
    </Test>
    <Test Status="passed">
      <Name>Plugin.UnitTests.HorizonUI.DialogueLine</Name>
      <Path>DialogueLine</Path>
      <FullName>Plugin.UnitTests.HorizonUI.DialogueLine</FullName>
      <Results>
        <NamedMeasurement type="numeric/double" name="Execution Time">
          <Value>0.008010100573301315</Value>
        </NamedMeasurement>
        <NamedMeasurement type="text/string" name="Completion Status">
          <Value>passed</Value>
        </NamedMeasurement>
        <NamedMeasurement type="numeric/int" name="Warnings">
          <Value>0</Value>
        </NamedMeasurement>
        <NamedMeasurement type="numeric/int" name="Errors">
          <Value>0</Value>
        </NamedMeasurement>
        <Measurement>
          <Value />
        </Measurement>
      </Results>
      <Labels />
      <Status>passed</Status>
      <CompletionStatus>passed</CompletionStatus>
      <ExecutionTime>0.008010100573301315</ExecutionTime>
      <Command>Unreal Automation</Command>
      <StartTime>2026-06-08T12:05:39Z</StartTime>
      <EndTime>2026-06-08T12:05:39Z</EndTime>
    </Test>
    <Test Status="passed">
      <Name>Plugin.UnitTests.HorizonUI.DialoguePage</Name>
      <Path>DialoguePage</Path>
      <FullName>Plugin.UnitTests.HorizonUI.DialoguePage</FullName>
      <Results>
        <NamedMeasurement type="numeric/double" name="Execution Time">
          <Value>0.006730496883392334</Value>
        </NamedMeasurement>
        <NamedMeasurement type="text/string" name="Completion Status">
          <Value>passed</Value>
        </NamedMeasurement>
        <NamedMeasurement type="numeric/int" name="Warnings">
          <Value>0</Value>
        </NamedMeasurement>
        <NamedMeasurement type="numeric/int" name="Errors">
          <Value>0</Value>
        </NamedMeasurement>
        <Measurement>
          <Value />
        </Measurement>
      </Results>
      <Labels />
      <Status>passed</Status>
      <CompletionStatus>passed</CompletionStatus>
      <ExecutionTime>0.006730496883392334</ExecutionTime>
      <Command>Unreal Automation</Command>
      <StartTime>2026-06-08T12:05:39Z</StartTime>
      <EndTime>2026-06-08T12:05:39Z</EndTime>
    </Test>
    <Test Status="passed">
      <Name>Plugin.UnitTests.HorizonUI.DialogueSegment</Name>
      <Path>DialogueSegment</Path>
      <FullName>Plugin.UnitTests.HorizonUI.DialogueSegment</FullName>
      <Results>
        <NamedMeasurement type="numeric/double" name="Execution Time">
          <Value>0.010456100106239319</Value>
        </NamedMeasurement>
        <NamedMeasurement type="text/string" name="Completion Status">
          <Value>passed</Value>
        </NamedMeasurement>
        <NamedMeasurement type="numeric/int" name="Warnings">
          <Value>0</Value>
        </NamedMeasurement>
        <NamedMeasurement type="numeric/int" name="Errors">
          <Value>0</Value>
        </NamedMeasurement>
        <Measurement>
          <Value />
        </Measurement>
      </Results>
      <Labels />
      <Status>passed</Status>
      <CompletionStatus>passed</CompletionStatus>
      <ExecutionTime>0.010456100106239319</ExecutionTime>
      <Command>Unreal Automation</Command>
      <StartTime>2026-06-08T12:05:39Z</StartTime>
      <EndTime>2026-06-08T12:05:39Z</EndTime>
    </Test>
    <Test Status="passed">
      <Name>Plugin.UnitTests.HorizonUI.TextOverflow</Name>
      <Path>TextOverflow</Path>
      <FullName>Plugin.UnitTests.HorizonUI.TextOverflow</FullName>
      <Results>
        <NamedMeasurement type="numeric/double" name="Execution Time">
          <Value>0.006357699632644653</Value>
        </NamedMeasurement>
        <NamedMeasurement type="text/string" name="Completion Status">
          <Value>passed</Value>
        </NamedMeasurement>
        <NamedMeasurement type="numeric/int" name="Warnings">
          <Value>0</Value>
        </NamedMeasurement>
        <NamedMeasurement type="numeric/int" name="Errors">
          <Value>0</Value>
        </NamedMeasurement>
        <Measurement>
          <Value />
        </Measurement>
      </Results>
      <Labels />
      <Status>passed</Status>
      <CompletionStatus>passed</CompletionStatus>
      <ExecutionTime>0.006357699632644653</ExecutionTime>
      <Command>Unreal Automation</Command>
      <StartTime>2026-06-08T12:05:39Z</StartTime>
      <EndTime>2026-06-08T12:05:39Z</EndTime>
    </Test>
    <Test Status="passed">
      <Name>Project.Functional Tests.TestMaps.Map.FunctionalTest.UIScreenshotTestMap.BP_FunctionalUIScreenshotTest_BugReport_WBP_DialogueWindow</Name>
      <Path>BP_FunctionalUIScreenshotTest_BugReport_WBP_DialogueWindow</Path>
      <FullName>Project.Functional Tests.TestMaps.Map.FunctionalTest.UIScreenshotTestMap.BP_FunctionalUIScreenshotTest_BugReport_WBP_DialogueWindow</FullName>
      <Results>
        <NamedMeasurement type="numeric/double" name="Execution Time">
          <Value>1.0027858018875122</Value>
        </NamedMeasurement>
        <NamedMeasurement type="text/string" name="Completion Status">
          <Value>passed</Value>
        </NamedMeasurement>
        <NamedMeasurement type="numeric/int" name="Warnings">
          <Value>0</Value>
        </NamedMeasurement>
        <NamedMeasurement type="numeric/int" name="Errors">
          <Value>0</Value>
        </NamedMeasurement>
        <Measurement>
          <Value>[Info] Screenshot 'UIScreenshotTestMap/BP_FunctionalUIScreenshotTest_BugReport_WBP_DialogueWindow' was similar!  Global Difference = 0.000000, Max Local Difference = 0.000000</Value>
        </Measurement>
      </Results>
      <Labels />
      <Status>passed</Status>
      <CompletionStatus>passed</CompletionStatus>
      <ExecutionTime>1.0027858018875122</ExecutionTime>
      <Command>Unreal Automation</Command>
      <StartTime>2026-06-08T12:05:39Z</StartTime>
      <EndTime>2026-06-08T12:05:39Z</EndTime>
    </Test>
    <Test Status="passed">
      <Name>Project.Functional Tests.TestMaps.Map.FunctionalTest.UIScreenshotTestMap.BP_FunctionalUIScreenshotTest_BugReport_WBP_DynamicSizeBox</Name>
      <Path>BP_FunctionalUIScreenshotTest_BugReport_WBP_DynamicSizeBox</Path>
      <FullName>Project.Functional Tests.TestMaps.Map.FunctionalTest.UIScreenshotTestMap.BP_FunctionalUIScreenshotTest_BugReport_WBP_DynamicSizeBox</FullName>
      <Results>
        <NamedMeasurement type="numeric/double" name="Execution Time">
          <Value>0.5754625201225281</Value>
        </NamedMeasurement>
        <NamedMeasurement type="text/string" name="Completion Status">
          <Value>passed</Value>
        </NamedMeasurement>
        <NamedMeasurement type="numeric/int" name="Warnings">
          <Value>0</Value>
        </NamedMeasurement>
        <NamedMeasurement type="numeric/int" name="Errors">
          <Value>0</Value>
        </NamedMeasurement>
        <Measurement>
          <Value>[Info] Screenshot 'UIScreenshotTestMap/BP_FunctionalUIScreenshotTest_BugReport_WBP_DynamicSizeBox' was similar!  Global Difference = 0.000000, Max Local Difference = 0.000000</Value>
        </Measurement>
      </Results>
      <Labels />
      <Status>passed</Status>
      <CompletionStatus>passed</CompletionStatus>
      <ExecutionTime>0.5754625201225281</ExecutionTime>
      <Command>Unreal Automation</Command>
      <StartTime>2026-06-08T12:05:39Z</StartTime>
      <EndTime>2026-06-08T12:05:39Z</EndTime>
    </Test>
    <Test Status="passed">
      <Name>Project.Functional Tests.TestMaps.Map.FunctionalTest.UIScreenshotTestMap.BP_FunctionalUIScreenshotTest_BugReport_WBP_SizeToContent</Name>
      <Path>BP_FunctionalUIScreenshotTest_BugReport_WBP_SizeToContent</Path>
      <FullName>Project.Functional Tests.TestMaps.Map.FunctionalTest.UIScreenshotTestMap.BP_FunctionalUIScreenshotTest_BugReport_WBP_SizeToContent</FullName>
      <Results>
        <NamedMeasurement type="numeric/double" name="Execution Time">
          <Value>1.268271803855896</Value>
        </NamedMeasurement>
        <NamedMeasurement type="text/string" name="Completion Status">
          <Value>passed</Value>
        </NamedMeasurement>
        <NamedMeasurement type="numeric/int" name="Warnings">
          <Value>0</Value>
        </NamedMeasurement>
        <NamedMeasurement type="numeric/int" name="Errors">
          <Value>0</Value>
        </NamedMeasurement>
        <Measurement>
          <Value>[Info] Screenshot 'UIScreenshotTestMap/BP_FunctionalUIScreenshotTest_BugReport_WBP_SizeToContent' was similar!  Global Difference = 0.000000, Max Local Difference = 0.000000</Value>
        </Measurement>
      </Results>
      <Labels />
      <Status>passed</Status>
      <CompletionStatus>passed</CompletionStatus>
      <ExecutionTime>1.268271803855896</ExecutionTime>
      <Command>Unreal Automation</Command>
      <StartTime>2026-06-08T12:05:39Z</StartTime>
      <EndTime>2026-06-08T12:05:39Z</EndTime>
    </Test>
    <Test Status="passed">
      <Name>Project.Functional Tests.TestMaps.Map.FunctionalTest.UIScreenshotTestMap.BP_FunctionalUIScreenshotTest_BugReport_WBP_TileViewTestHUD</Name>
      <Path>BP_FunctionalUIScreenshotTest_BugReport_WBP_TileViewTestHUD</Path>
      <FullName>Project.Functional Tests.TestMaps.Map.FunctionalTest.UIScreenshotTestMap.BP_FunctionalUIScreenshotTest_BugReport_WBP_TileViewTestHUD</FullName>
      <Results>
        <NamedMeasurement type="numeric/double" name="Execution Time">
          <Value>0.47627711296081543</Value>
        </NamedMeasurement>
        <NamedMeasurement type="text/string" name="Completion Status">
          <Value>passed</Value>
        </NamedMeasurement>
        <NamedMeasurement type="numeric/int" name="Warnings">
          <Value>0</Value>
        </NamedMeasurement>
        <NamedMeasurement type="numeric/int" name="Errors">
          <Value>0</Value>
        </NamedMeasurement>
        <Measurement>
          <Value>[Info] Screenshot 'UIScreenshotTestMap/BP_FunctionalUIScreenshotTest_BugReport_WBP_TileViewTestHUD' was similar!  Global Difference = 0.000000, Max Local Difference = 0.000000</Value>
        </Measurement>
      </Results>
      <Labels />
      <Status>passed</Status>
      <CompletionStatus>passed</CompletionStatus>
      <ExecutionTime>0.47627711296081543</ExecutionTime>
      <Command>Unreal Automation</Command>
      <StartTime>2026-06-08T12:05:39Z</StartTime>
      <EndTime>2026-06-08T12:05:39Z</EndTime>
    </Test>
    <Test Status="passed">
      <Name>Project.Functional Tests.TestMaps.Map.FunctionalTest.UIScreenshotTestMap.BP_FunctionalUIScreenshotTest_BugReport_WBP_VerticalSlot</Name>
      <Path>BP_FunctionalUIScreenshotTest_BugReport_WBP_VerticalSlot</Path>
      <FullName>Project.Functional Tests.TestMaps.Map.FunctionalTest.UIScreenshotTestMap.BP_FunctionalUIScreenshotTest_BugReport_WBP_VerticalSlot</FullName>
      <Results>
        <NamedMeasurement type="numeric/double" name="Execution Time">
          <Value>0.47830748558044434</Value>
        </NamedMeasurement>
        <NamedMeasurement type="text/string" name="Completion Status">
          <Value>passed</Value>
        </NamedMeasurement>
        <NamedMeasurement type="numeric/int" name="Warnings">
          <Value>0</Value>
        </NamedMeasurement>
        <NamedMeasurement type="numeric/int" name="Errors">
          <Value>0</Value>
        </NamedMeasurement>
        <Measurement>
          <Value>[Info] Screenshot 'UIScreenshotTestMap/BP_FunctionalUIScreenshotTest_BugReport_WBP_VerticalSlot' was similar!  Global Difference = 0.000000, Max Local Difference = 0.000000</Value>
        </Measurement>
      </Results>
      <Labels />
      <Status>passed</Status>
      <CompletionStatus>passed</CompletionStatus>
      <ExecutionTime>0.47830748558044434</ExecutionTime>
      <Command>Unreal Automation</Command>
      <StartTime>2026-06-08T12:05:39Z</StartTime>
      <EndTime>2026-06-08T12:05:39Z</EndTime>
    </Test>
    <Test Status="passed">
      <Name>Project.Functional Tests.TestMaps.Map.FunctionalTest.UIScreenshotTestMap.BP_FunctionalUIScreenshotTest_WBP_RadioButtonMain</Name>
      <Path>BP_FunctionalUIScreenshotTest_WBP_RadioButtonMain</Path>
      <FullName>Project.Functional Tests.TestMaps.Map.FunctionalTest.UIScreenshotTestMap.BP_FunctionalUIScreenshotTest_WBP_RadioButtonMain</FullName>
      <Results>
        <NamedMeasurement type="numeric/double" name="Execution Time">
          <Value>0.5328416228294373</Value>
        </NamedMeasurement>
        <NamedMeasurement type="text/string" name="Completion Status">
          <Value>passed</Value>
        </NamedMeasurement>
        <NamedMeasurement type="numeric/int" name="Warnings">
          <Value>0</Value>
        </NamedMeasurement>
        <NamedMeasurement type="numeric/int" name="Errors">
          <Value>0</Value>
        </NamedMeasurement>
        <Measurement>
          <Value>[Info] Screenshot 'UIScreenshotTestMap/BP_FunctionalUIScreenshotTest_WBP_RadioButtonMain' was similar!  Global Difference = 0.000000, Max Local Difference = 0.000000</Value>
        </Measurement>
      </Results>
      <Labels />
      <Status>passed</Status>
      <CompletionStatus>passed</CompletionStatus>
      <ExecutionTime>0.5328416228294373</ExecutionTime>
      <Command>Unreal Automation</Command>
      <StartTime>2026-06-08T12:05:39Z</StartTime>
      <EndTime>2026-06-08T12:05:39Z</EndTime>
    </Test>
    <Test Status="passed">
      <Name>Project.Functional Tests.TestMaps.Map.FunctionalTest.UIScreenshotTestMap.FunctionalUIScreenshotTest_AutoPageLine</Name>
      <Path>FunctionalUIScreenshotTest_AutoPageLine</Path>
      <FullName>Project.Functional Tests.TestMaps.Map.FunctionalTest.UIScreenshotTestMap.FunctionalUIScreenshotTest_AutoPageLine</FullName>
      <Results>
        <NamedMeasurement type="numeric/double" name="Execution Time">
          <Value>0.7557287812232971</Value>
        </NamedMeasurement>
        <NamedMeasurement type="text/string" name="Completion Status">
          <Value>passed</Value>
        </NamedMeasurement>
        <NamedMeasurement type="numeric/int" name="Warnings">
          <Value>0</Value>
        </NamedMeasurement>
        <NamedMeasurement type="numeric/int" name="Errors">
          <Value>0</Value>
        </NamedMeasurement>
        <Measurement>
          <Value>[Info] Screenshot 'UIScreenshotTestMap/FunctionalUIScreenshotTest_AutoPageLine' was similar!  Global Difference = 0.000000, Max Local Difference = 0.000000</Value>
        </Measurement>
      </Results>
      <Labels />
      <Status>passed</Status>
      <CompletionStatus>passed</CompletionStatus>
      <ExecutionTime>0.7557287812232971</ExecutionTime>
      <Command>Unreal Automation</Command>
      <StartTime>2026-06-08T12:05:39Z</StartTime>
      <EndTime>2026-06-08T12:05:39Z</EndTime>
    </Test>
    <Test Status="passed">
      <Name>Project.Functional Tests.TestMaps.Map.FunctionalTest.UIScreenshotTestMap.FunctionalUIScreenshotTest_AutopagePadding</Name>
      <Path>FunctionalUIScreenshotTest_AutopagePadding</Path>
      <FullName>Project.Functional Tests.TestMaps.Map.FunctionalTest.UIScreenshotTestMap.FunctionalUIScreenshotTest_AutopagePadding</FullName>
      <Results>
        <NamedMeasurement type="numeric/double" name="Execution Time">
          <Value>0.6706814169883728</Value>
        </NamedMeasurement>
        <NamedMeasurement type="text/string" name="Completion Status">
          <Value>passed</Value>
        </NamedMeasurement>
        <NamedMeasurement type="numeric/int" name="Warnings">
          <Value>0</Value>
        </NamedMeasurement>
        <NamedMeasurement type="numeric/int" name="Errors">
          <Value>0</Value>
        </NamedMeasurement>
        <Measurement>
          <Value>[Info] Screenshot 'UIScreenshotTestMap/FunctionalUIScreenshotTest_AutopagePadding' was similar!  Global Difference = 0.000000, Max Local Difference = 0.000000</Value>
        </Measurement>
      </Results>
      <Labels />
      <Status>passed</Status>
      <CompletionStatus>passed</CompletionStatus>
      <ExecutionTime>0.6706814169883728</ExecutionTime>
      <Command>Unreal Automation</Command>
      <StartTime>2026-06-08T12:05:39Z</StartTime>
      <EndTime>2026-06-08T12:05:39Z</EndTime>
    </Test>
    <Test Status="passed">
      <Name>Project.Functional Tests.TestMaps.Map.FunctionalTest.UIScreenshotTestMap.FunctionalUIScreenshotTest_EdgeCaseTest</Name>
      <Path>FunctionalUIScreenshotTest_EdgeCaseTest</Path>
      <FullName>Project.Functional Tests.TestMaps.Map.FunctionalTest.UIScreenshotTestMap.FunctionalUIScreenshotTest_EdgeCaseTest</FullName>
      <Results>
        <NamedMeasurement type="numeric/double" name="Execution Time">
          <Value>0.6334741115570068</Value>
        </NamedMeasurement>
        <NamedMeasurement type="text/string" name="Completion Status">
          <Value>passed</Value>
        </NamedMeasurement>
        <NamedMeasurement type="numeric/int" name="Warnings">
          <Value>0</Value>
        </NamedMeasurement>
        <NamedMeasurement type="numeric/int" name="Errors">
          <Value>0</Value>
        </NamedMeasurement>
        <Measurement>
          <Value>[Info] Screenshot 'UIScreenshotTestMap/FunctionalUIScreenshotTest_EdgeCaseTest' was similar!  Global Difference = 0.000000, Max Local Difference = 0.000000</Value>
        </Measurement>
      </Results>
      <Labels />
      <Status>passed</Status>
      <CompletionStatus>passed</CompletionStatus>
      <ExecutionTime>0.6334741115570068</ExecutionTime>
      <Command>Unreal Automation</Command>
      <StartTime>2026-06-08T12:05:39Z</StartTime>
      <EndTime>2026-06-08T12:05:39Z</EndTime>
    </Test>
    <Test Status="passed">
      <Name>Project.Functional Tests.TestMaps.Map.FunctionalTest.UIScreenshotTestMap.FunctionalUIScreenshotTest_TextOverflowWarpNormal_WithTextSegment</Name>
      <Path>FunctionalUIScreenshotTest_TextOverflowWarpNormal_WithTextSegment</Path>
      <FullName>Project.Functional Tests.TestMaps.Map.FunctionalTest.UIScreenshotTestMap.FunctionalUIScreenshotTest_TextOverflowWarpNormal_WithTextSegment</FullName>
      <Results>
        <NamedMeasurement type="numeric/double" name="Execution Time">
          <Value>0.4416581094264984</Value>
        </NamedMeasurement>
        <NamedMeasurement type="text/string" name="Completion Status">
          <Value>passed</Value>
        </NamedMeasurement>
        <NamedMeasurement type="numeric/int" name="Warnings">
          <Value>0</Value>
        </NamedMeasurement>
        <NamedMeasurement type="numeric/int" name="Errors">
          <Value>0</Value>
        </NamedMeasurement>
        <Measurement>
          <Value>[Info] Screenshot 'UIScreenshotTestMap/FunctionalUIScreenshotTest_TextOverflowWarpNormal_WithTextSegment' was similar!  Global Difference = 0.000000, Max Local Difference = 0.000000</Value>
        </Measurement>
      </Results>
      <Labels />
      <Status>passed</Status>
      <CompletionStatus>passed</CompletionStatus>
      <ExecutionTime>0.4416581094264984</ExecutionTime>
      <Command>Unreal Automation</Command>
      <StartTime>2026-06-08T12:05:39Z</StartTime>
      <EndTime>2026-06-08T12:05:39Z</EndTime>
    </Test>
    <Test Status="passed">
      <Name>Project.Functional Tests.TestMaps.Map.FunctionalTest.UIScreenshotTestMap.FunctionalUIScreenshotTest_Tuto01_Simple</Name>
      <Path>FunctionalUIScreenshotTest_Tuto01_Simple</Path>
      <FullName>Project.Functional Tests.TestMaps.Map.FunctionalTest.UIScreenshotTestMap.FunctionalUIScreenshotTest_Tuto01_Simple</FullName>
      <Results>
        <NamedMeasurement type="numeric/double" name="Execution Time">
          <Value>0.473488986492157</Value>
        </NamedMeasurement>
        <NamedMeasurement type="text/string" name="Completion Status">
          <Value>passed</Value>
        </NamedMeasurement>
        <NamedMeasurement type="numeric/int" name="Warnings">
          <Value>0</Value>
        </NamedMeasurement>
        <NamedMeasurement type="numeric/int" name="Errors">
          <Value>0</Value>
        </NamedMeasurement>
        <Measurement>
          <Value>[Info] Screenshot 'UIScreenshotTestMap/FunctionalUIScreenshotTest_Tuto01_Simple' was similar!  Global Difference = 0.000000, Max Local Difference = 0.000000</Value>
        </Measurement>
      </Results>
      <Labels />
      <Status>passed</Status>
      <CompletionStatus>passed</CompletionStatus>
      <ExecutionTime>0.473488986492157</ExecutionTime>
      <Command>Unreal Automation</Command>
      <StartTime>2026-06-08T12:05:39Z</StartTime>
      <EndTime>2026-06-08T12:05:39Z</EndTime>
    </Test>
    <Test Status="passed">
      <Name>Project.Functional Tests.TestMaps.Map.FunctionalTest.UIScreenshotTestMap.FunctionalUIScreenshotTest_Tuto02_RichTextSimple</Name>
      <Path>FunctionalUIScreenshotTest_Tuto02_RichTextSimple</Path>
      <FullName>Project.Functional Tests.TestMaps.Map.FunctionalTest.UIScreenshotTestMap.FunctionalUIScreenshotTest_Tuto02_RichTextSimple</FullName>
      <Results>
        <NamedMeasurement type="numeric/double" name="Execution Time">
          <Value>0.7428464889526367</Value>
        </NamedMeasurement>
        <NamedMeasurement type="text/string" name="Completion Status">
          <Value>passed</Value>
        </NamedMeasurement>
        <NamedMeasurement type="numeric/int" name="Warnings">
          <Value>0</Value>
        </NamedMeasurement>
        <NamedMeasurement type="numeric/int" name="Errors">
          <Value>0</Value>
        </NamedMeasurement>
        <Measurement>
          <Value>[Info] Screenshot 'UIScreenshotTestMap/FunctionalUIScreenshotTest_Tuto02_RichTextSimple' was similar!  Global Difference = 0.002294, Max Local Difference = 0.100309</Value>
        </Measurement>
      </Results>
      <Labels />
      <Status>passed</Status>
      <CompletionStatus>passed</CompletionStatus>
      <ExecutionTime>0.7428464889526367</ExecutionTime>
      <Command>Unreal Automation</Command>
      <StartTime>2026-06-08T12:05:39Z</StartTime>
      <EndTime>2026-06-08T12:05:39Z</EndTime>
    </Test>
    <Test Status="passed">
      <Name>Project.Functional Tests.TestMaps.Map.FunctionalTest.UIScreenshotTestMap.FunctionalUIScreenshotTest_Tuto03_RichTextFont</Name>
      <Path>FunctionalUIScreenshotTest_Tuto03_RichTextFont</Path>
      <FullName>Project.Functional Tests.TestMaps.Map.FunctionalTest.UIScreenshotTestMap.FunctionalUIScreenshotTest_Tuto03_RichTextFont</FullName>
      <Results>
        <NamedMeasurement type="numeric/double" name="Execution Time">
          <Value>0.5852763056755066</Value>
        </NamedMeasurement>
        <NamedMeasurement type="text/string" name="Completion Status">
          <Value>passed</Value>
        </NamedMeasurement>
        <NamedMeasurement type="numeric/int" name="Warnings">
          <Value>0</Value>
        </NamedMeasurement>
        <NamedMeasurement type="numeric/int" name="Errors">
          <Value>0</Value>
        </NamedMeasurement>
        <Measurement>
          <Value>[Info] Screenshot 'UIScreenshotTestMap/FunctionalUIScreenshotTest_Tuto03_RichTextFont' was similar!  Global Difference = 0.000000, Max Local Difference = 0.000000</Value>
        </Measurement>
      </Results>
      <Labels />
      <Status>passed</Status>
      <CompletionStatus>passed</CompletionStatus>
      <ExecutionTime>0.5852763056755066</ExecutionTime>
      <Command>Unreal Automation</Command>
      <StartTime>2026-06-08T12:05:39Z</StartTime>
      <EndTime>2026-06-08T12:05:39Z</EndTime>
    </Test>
    <Test Status="passed">
      <Name>Project.Functional Tests.TestMaps.Map.FunctionalTest.UIScreenshotTestMap.FunctionalUIScreenshotTest_Tuto04_RichTextPadding</Name>
      <Path>FunctionalUIScreenshotTest_Tuto04_RichTextPadding</Path>
      <FullName>Project.Functional Tests.TestMaps.Map.FunctionalTest.UIScreenshotTestMap.FunctionalUIScreenshotTest_Tuto04_RichTextPadding</FullName>
      <Results>
        <NamedMeasurement type="numeric/double" name="Execution Time">
          <Value>0.38892650604248047</Value>
        </NamedMeasurement>
        <NamedMeasurement type="text/string" name="Completion Status">
          <Value>passed</Value>
        </NamedMeasurement>
        <NamedMeasurement type="numeric/int" name="Warnings">
          <Value>0</Value>
        </NamedMeasurement>
        <NamedMeasurement type="numeric/int" name="Errors">
          <Value>0</Value>
        </NamedMeasurement>
        <Measurement>
          <Value>[Info] Screenshot 'UIScreenshotTestMap/FunctionalUIScreenshotTest_Tuto04_RichTextPadding' was similar!  Global Difference = 0.000594, Max Local Difference = 0.059414</Value>
        </Measurement>
      </Results>
      <Labels />
      <Status>passed</Status>
      <CompletionStatus>passed</CompletionStatus>
      <ExecutionTime>0.38892650604248047</ExecutionTime>
      <Command>Unreal Automation</Command>
      <StartTime>2026-06-08T12:05:39Z</StartTime>
      <EndTime>2026-06-08T12:05:39Z</EndTime>
    </Test>
    <Test Status="passed">
      <Name>Project.Functional Tests.TestMaps.Map.FunctionalTest.UIScreenshotTestMap.FunctionalUIScreenshotTest_Tuto05_RichTextSpecialCharacter</Name>
      <Path>FunctionalUIScreenshotTest_Tuto05_RichTextSpecialCharacter</Path>
      <FullName>Project.Functional Tests.TestMaps.Map.FunctionalTest.UIScreenshotTestMap.FunctionalUIScreenshotTest_Tuto05_RichTextSpecialCharacter</FullName>
      <Results>
        <NamedMeasurement type="numeric/double" name="Execution Time">
          <Value>0.35544610023498535</Value>
        </NamedMeasurement>
        <NamedMeasurement type="text/string" name="Completion Status">
          <Value>passed</Value>
        </NamedMeasurement>
        <NamedMeasurement type="numeric/int" name="Warnings">
          <Value>0</Value>
        </NamedMeasurement>
        <NamedMeasurement type="numeric/int" name="Errors">
          <Value>0</Value>
        </NamedMeasurement>
        <Measurement>
          <Value>[Info] Screenshot 'UIScreenshotTestMap/FunctionalUIScreenshotTest_Tuto05_RichTextSpecialCharacter' was similar!  Global Difference = 0.000000, Max Local Difference = 0.000000</Value>
        </Measurement>
      </Results>
      <Labels />
      <Status>passed</Status>
      <CompletionStatus>passed</CompletionStatus>
      <ExecutionTime>0.35544610023498535</ExecutionTime>
      <Command>Unreal Automation</Command>
      <StartTime>2026-06-08T12:05:39Z</StartTime>
      <EndTime>2026-06-08T12:05:39Z</EndTime>
    </Test>
    <Test Status="passed">
      <Name>Project.Functional Tests.TestMaps.Map.FunctionalTest.UIScreenshotTestMap.FunctionalUIScreenshotTest_Tuto06_EventTrigger</Name>
      <Path>FunctionalUIScreenshotTest_Tuto06_EventTrigger</Path>
      <FullName>Project.Functional Tests.TestMaps.Map.FunctionalTest.UIScreenshotTestMap.FunctionalUIScreenshotTest_Tuto06_EventTrigger</FullName>
      <Results>
        <NamedMeasurement type="numeric/double" name="Execution Time">
          <Value>1.451880931854248</Value>
        </NamedMeasurement>
        <NamedMeasurement type="text/string" name="Completion Status">
          <Value>passed</Value>
        </NamedMeasurement>
        <NamedMeasurement type="numeric/int" name="Warnings">
          <Value>0</Value>
        </NamedMeasurement>
        <NamedMeasurement type="numeric/int" name="Errors">
          <Value>0</Value>
        </NamedMeasurement>
        <Measurement>
          <Value>[Info] Screenshot 'UIScreenshotTestMap/FunctionalUIScreenshotTest_Tuto06_EventTrigger' was similar!  Global Difference = 0.000000, Max Local Difference = 0.000000</Value>
        </Measurement>
      </Results>
      <Labels />
      <Status>passed</Status>
      <CompletionStatus>passed</CompletionStatus>
      <ExecutionTime>1.451880931854248</ExecutionTime>
      <Command>Unreal Automation</Command>
      <StartTime>2026-06-08T12:05:39Z</StartTime>
      <EndTime>2026-06-08T12:05:39Z</EndTime>
    </Test>
    <Test Status="passed">
      <Name>Project.Functional Tests.TestMaps.Map.FunctionalTest.UIScreenshotTestMap.FunctionalUIScreenshotTest_Tuto07_OverflowWarp</Name>
      <Path>FunctionalUIScreenshotTest_Tuto07_OverflowWarp</Path>
      <FullName>Project.Functional Tests.TestMaps.Map.FunctionalTest.UIScreenshotTestMap.FunctionalUIScreenshotTest_Tuto07_OverflowWarp</FullName>
      <Results>
        <NamedMeasurement type="numeric/double" name="Execution Time">
          <Value>0.4061639904975891</Value>
        </NamedMeasurement>
        <NamedMeasurement type="text/string" name="Completion Status">
          <Value>passed</Value>
        </NamedMeasurement>
        <NamedMeasurement type="numeric/int" name="Warnings">
          <Value>0</Value>
        </NamedMeasurement>
        <NamedMeasurement type="numeric/int" name="Errors">
          <Value>0</Value>
        </NamedMeasurement>
        <Measurement>
          <Value>[Info] Screenshot 'UIScreenshotTestMap/FunctionalUIScreenshotTest_Tuto07_OverflowWarp' was similar!  Global Difference = 0.002532, Max Local Difference = 0.112172</Value>
        </Measurement>
      </Results>
      <Labels />
      <Status>passed</Status>
      <CompletionStatus>passed</CompletionStatus>
      <ExecutionTime>0.4061639904975891</ExecutionTime>
      <Command>Unreal Automation</Command>
      <StartTime>2026-06-08T12:05:39Z</StartTime>
      <EndTime>2026-06-08T12:05:39Z</EndTime>
    </Test>
    <Test Status="passed">
      <Name>Project.Functional Tests.TestMaps.Map.FunctionalTest.UIScreenshotTestMap.FunctionalUIScreenshotTest_Tuto08_HyperText</Name>
      <Path>FunctionalUIScreenshotTest_Tuto08_HyperText</Path>
      <FullName>Project.Functional Tests.TestMaps.Map.FunctionalTest.UIScreenshotTestMap.FunctionalUIScreenshotTest_Tuto08_HyperText</FullName>
      <Results>
        <NamedMeasurement type="numeric/double" name="Execution Time">
          <Value>0.739913284778595</Value>
        </NamedMeasurement>
        <NamedMeasurement type="text/string" name="Completion Status">
          <Value>passed</Value>
        </NamedMeasurement>
        <NamedMeasurement type="numeric/int" name="Warnings">
          <Value>0</Value>
        </NamedMeasurement>
        <NamedMeasurement type="numeric/int" name="Errors">
          <Value>0</Value>
        </NamedMeasurement>
        <Measurement>
          <Value>[Info] Screenshot 'UIScreenshotTestMap/FunctionalUIScreenshotTest_Tuto08_HyperText' was similar!  Global Difference = 0.001102, Max Local Difference = 0.104360</Value>
        </Measurement>
      </Results>
      <Labels />
      <Status>passed</Status>
      <CompletionStatus>passed</CompletionStatus>
      <ExecutionTime>0.739913284778595</ExecutionTime>
      <Command>Unreal Automation</Command>
      <StartTime>2026-06-08T12:05:39Z</StartTime>
      <EndTime>2026-06-08T12:05:39Z</EndTime>
    </Test>
    <Test Status="passed">
      <Name>Project.Functional Tests.TestMaps.Map.FunctionalTest.UIScreenshotTestMap.FunctionalUIScreenshotTest_Tuto09_Sound</Name>
      <Path>FunctionalUIScreenshotTest_Tuto09_Sound</Path>
      <FullName>Project.Functional Tests.TestMaps.Map.FunctionalTest.UIScreenshotTestMap.FunctionalUIScreenshotTest_Tuto09_Sound</FullName>
      <Results>
        <NamedMeasurement type="numeric/double" name="Execution Time">
          <Value>1.8886768817901611</Value>
        </NamedMeasurement>
        <NamedMeasurement type="text/string" name="Completion Status">
          <Value>passed</Value>
        </NamedMeasurement>
        <NamedMeasurement type="numeric/int" name="Warnings">
          <Value>0</Value>
        </NamedMeasurement>
        <NamedMeasurement type="numeric/int" name="Errors">
          <Value>0</Value>
        </NamedMeasurement>
        <Measurement>
          <Value>[Info] Screenshot 'UIScreenshotTestMap/FunctionalUIScreenshotTest_Tuto09_Sound' was similar!  Global Difference = 0.000499, Max Local Difference = 0.038580</Value>
        </Measurement>
      </Results>
      <Labels />
      <Status>passed</Status>
      <CompletionStatus>passed</CompletionStatus>
      <ExecutionTime>1.8886768817901611</ExecutionTime>
      <Command>Unreal Automation</Command>
      <StartTime>2026-06-08T12:05:39Z</StartTime>
      <EndTime>2026-06-08T12:05:39Z</EndTime>
    </Test>
    <Test Status="passed">
      <Name>Project.Functional Tests.TestMaps.Map.FunctionalTest.UIScreenshotTestMap.FunctionalUIScreenshotTest_Tuto10_StyleInfo</Name>
      <Path>FunctionalUIScreenshotTest_Tuto10_StyleInfo</Path>
      <FullName>Project.Functional Tests.TestMaps.Map.FunctionalTest.UIScreenshotTestMap.FunctionalUIScreenshotTest_Tuto10_StyleInfo</FullName>
      <Results>
        <NamedMeasurement type="numeric/double" name="Execution Time">
          <Value>0.8387669920921326</Value>
        </NamedMeasurement>
        <NamedMeasurement type="text/string" name="Completion Status">
          <Value>passed</Value>
        </NamedMeasurement>
        <NamedMeasurement type="numeric/int" name="Warnings">
          <Value>0</Value>
        </NamedMeasurement>
        <NamedMeasurement type="numeric/int" name="Errors">
          <Value>0</Value>
        </NamedMeasurement>
        <Measurement>
          <Value>[Info] Screenshot 'UIScreenshotTestMap/FunctionalUIScreenshotTest_Tuto10_StyleInfo' was similar!  Global Difference = 0.006454, Max Local Difference = 0.249662</Value>
        </Measurement>
      </Results>
      <Labels />
      <Status>passed</Status>
      <CompletionStatus>passed</CompletionStatus>
      <ExecutionTime>0.8387669920921326</ExecutionTime>
      <Command>Unreal Automation</Command>
      <StartTime>2026-06-08T12:05:39Z</StartTime>
      <EndTime>2026-06-08T12:05:39Z</EndTime>
    </Test>
    <Test Status="passed">
      <Name>Project.Functional Tests.TestMaps.Map.FunctionalTest.UIScreenshotTestMap.FunctionalUIScreenshotTest_Tuto11_AutoPage</Name>
      <Path>FunctionalUIScreenshotTest_Tuto11_AutoPage</Path>
      <FullName>Project.Functional Tests.TestMaps.Map.FunctionalTest.UIScreenshotTestMap.FunctionalUIScreenshotTest_Tuto11_AutoPage</FullName>
      <Results>
        <NamedMeasurement type="numeric/double" name="Execution Time">
          <Value>1.5021785497665405</Value>
        </NamedMeasurement>
        <NamedMeasurement type="text/string" name="Completion Status">
          <Value>passed</Value>
        </NamedMeasurement>
        <NamedMeasurement type="numeric/int" name="Warnings">
          <Value>0</Value>
        </NamedMeasurement>
        <NamedMeasurement type="numeric/int" name="Errors">
          <Value>0</Value>
        </NamedMeasurement>
        <Measurement>
          <Value>[Info] Screenshot 'UIScreenshotTestMap/FunctionalUIScreenshotTest_Tuto11_AutoPage' was similar!  Global Difference = 0.000000, Max Local Difference = 0.000000</Value>
        </Measurement>
      </Results>
      <Labels />
      <Status>passed</Status>
      <CompletionStatus>passed</CompletionStatus>
      <ExecutionTime>1.5021785497665405</ExecutionTime>
      <Command>Unreal Automation</Command>
      <StartTime>2026-06-08T12:05:39Z</StartTime>
      <EndTime>2026-06-08T12:05:39Z</EndTime>
    </Test>
    <Test Status="passed">
      <Name>Project.Functional Tests.TestMaps.Map.FunctionalTest.UIScreenshotTestMap.FunctionalUIScreenshotTest_Tuto12_AutoPage_Long</Name>
      <Path>FunctionalUIScreenshotTest_Tuto12_AutoPage_Long</Path>
      <FullName>Project.Functional Tests.TestMaps.Map.FunctionalTest.UIScreenshotTestMap.FunctionalUIScreenshotTest_Tuto12_AutoPage_Long</FullName>
      <Results>
        <NamedMeasurement type="numeric/double" name="Execution Time">
          <Value>1.1539958715438843</Value>
        </NamedMeasurement>
        <NamedMeasurement type="text/string" name="Completion Status">
          <Value>passed</Value>
        </NamedMeasurement>
        <NamedMeasurement type="numeric/int" name="Warnings">
          <Value>0</Value>
        </NamedMeasurement>
        <NamedMeasurement type="numeric/int" name="Errors">
          <Value>0</Value>
        </NamedMeasurement>
        <Measurement>
          <Value>[Info] Screenshot 'UIScreenshotTestMap/FunctionalUIScreenshotTest_Tuto12_AutoPage_Long' was similar!  Global Difference = 0.000000, Max Local Difference = 0.000000</Value>
        </Measurement>
      </Results>
      <Labels />
      <Status>passed</Status>
      <CompletionStatus>passed</CompletionStatus>
      <ExecutionTime>1.1539958715438843</ExecutionTime>
      <Command>Unreal Automation</Command>
      <StartTime>2026-06-08T12:05:39Z</StartTime>
      <EndTime>2026-06-08T12:05:39Z</EndTime>
    </Test>
    <Test Status="passed">
      <Name>Project.Functional Tests.TestMaps.Map.FunctionalTest.UIScreenshotTestMap.FunctionalUIScreenshotTest_Tuto13_Justification</Name>
      <Path>FunctionalUIScreenshotTest_Tuto13_Justification</Path>
      <FullName>Project.Functional Tests.TestMaps.Map.FunctionalTest.UIScreenshotTestMap.FunctionalUIScreenshotTest_Tuto13_Justification</FullName>
      <Results>
        <NamedMeasurement type="numeric/double" name="Execution Time">
          <Value>0.6896882057189941</Value>
        </NamedMeasurement>
        <NamedMeasurement type="text/string" name="Completion Status">
          <Value>passed</Value>
        </NamedMeasurement>
        <NamedMeasurement type="numeric/int" name="Warnings">
          <Value>0</Value>
        </NamedMeasurement>
        <NamedMeasurement type="numeric/int" name="Errors">
          <Value>0</Value>
        </NamedMeasurement>
        <Measurement>
          <Value>[Info] Screenshot 'UIScreenshotTestMap/FunctionalUIScreenshotTest_Tuto13_Justification' was similar!  Global Difference = 0.000000, Max Local Difference = 0.000000</Value>
        </Measurement>
      </Results>
      <Labels />
      <Status>passed</Status>
      <CompletionStatus>passed</CompletionStatus>
      <ExecutionTime>0.6896882057189941</ExecutionTime>
      <Command>Unreal Automation</Command>
      <StartTime>2026-06-08T12:05:39Z</StartTime>
      <EndTime>2026-06-08T12:05:39Z</EndTime>
    </Test>
    <Test Status="passed">
      <Name>Project.Functional Tests.TestMaps.Map.FunctionalTest.UIScreenshotTestMap.FunctionalUIScreenshotTest_Tuto14_SpriteSheet</Name>
      <Path>FunctionalUIScreenshotTest_Tuto14_SpriteSheet</Path>
      <FullName>Project.Functional Tests.TestMaps.Map.FunctionalTest.UIScreenshotTestMap.FunctionalUIScreenshotTest_Tuto14_SpriteSheet</FullName>
      <Results>
        <NamedMeasurement type="numeric/double" name="Execution Time">
          <Value>0.6172080039978027</Value>
        </NamedMeasurement>
        <NamedMeasurement type="text/string" name="Completion Status">
          <Value>passed</Value>
        </NamedMeasurement>
        <NamedMeasurement type="numeric/int" name="Warnings">
          <Value>0</Value>
        </NamedMeasurement>
        <NamedMeasurement type="numeric/int" name="Errors">
          <Value>0</Value>
        </NamedMeasurement>
        <Measurement>
          <Value>[Info] Screenshot 'UIScreenshotTestMap/FunctionalUIScreenshotTest_Tuto14_SpriteSheet' was similar!  Global Difference = 0.000000, Max Local Difference = 0.000000</Value>
        </Measurement>
      </Results>
      <Labels />
      <Status>passed</Status>
      <CompletionStatus>passed</CompletionStatus>
      <ExecutionTime>0.6172080039978027</ExecutionTime>
      <Command>Unreal Automation</Command>
      <StartTime>2026-06-08T12:05:39Z</StartTime>
      <EndTime>2026-06-08T12:05:39Z</EndTime>
    </Test>
    <Test Status="passed">
      <Name>Project.Functional Tests.TestMaps.Map.FunctionalTest.UIScreenshotTestMap.FunctionalUIScreenshotTest_Tuto15_NoCanvasPanelAndSizeBox</Name>
      <Path>FunctionalUIScreenshotTest_Tuto15_NoCanvasPanelAndSizeBox</Path>
      <FullName>Project.Functional Tests.TestMaps.Map.FunctionalTest.UIScreenshotTestMap.FunctionalUIScreenshotTest_Tuto15_NoCanvasPanelAndSizeBox</FullName>
      <Results>
        <NamedMeasurement type="numeric/double" name="Execution Time">
          <Value>0.4798387885093689</Value>
        </NamedMeasurement>
        <NamedMeasurement type="text/string" name="Completion Status">
          <Value>passed</Value>
        </NamedMeasurement>
        <NamedMeasurement type="numeric/int" name="Warnings">
          <Value>0</Value>
        </NamedMeasurement>
        <NamedMeasurement type="numeric/int" name="Errors">
          <Value>0</Value>
        </NamedMeasurement>
        <Measurement>
          <Value>[Info] Screenshot 'UIScreenshotTestMap/FunctionalUIScreenshotTest_Tuto15_NoCanvasPanelAndSizeBox' was similar!  Global Difference = 0.000000, Max Local Difference = 0.000000</Value>
        </Measurement>
      </Results>
      <Labels />
      <Status>passed</Status>
      <CompletionStatus>passed</CompletionStatus>
      <ExecutionTime>0.4798387885093689</ExecutionTime>
      <Command>Unreal Automation</Command>
      <StartTime>2026-06-08T12:05:39Z</StartTime>
      <EndTime>2026-06-08T12:05:39Z</EndTime>
    </Test>
    <Test Status="passed">
      <Name>Project.Functional Tests.TestMaps.Map.FunctionalTest.UIScreenshotTestMap.FunctionalUIScreenshotTest_Tuto16_RubyText</Name>
      <Path>FunctionalUIScreenshotTest_Tuto16_RubyText</Path>
      <FullName>Project.Functional Tests.TestMaps.Map.FunctionalTest.UIScreenshotTestMap.FunctionalUIScreenshotTest_Tuto16_RubyText</FullName>
      <Results>
        <NamedMeasurement type="numeric/double" name="Execution Time">
          <Value>0.5894472002983093</Value>
        </NamedMeasurement>
        <NamedMeasurement type="text/string" name="Completion Status">
          <Value>passed</Value>
        </NamedMeasurement>
        <NamedMeasurement type="numeric/int" name="Warnings">
          <Value>0</Value>
        </NamedMeasurement>
        <NamedMeasurement type="numeric/int" name="Errors">
          <Value>0</Value>
        </NamedMeasurement>
        <Measurement>
          <Value>[Info] Screenshot 'UIScreenshotTestMap/FunctionalUIScreenshotTest_Tuto16_RubyText' was similar!  Global Difference = 0.000000, Max Local Difference = 0.000000</Value>
        </Measurement>
      </Results>
      <Labels />
      <Status>passed</Status>
      <CompletionStatus>passed</CompletionStatus>
      <ExecutionTime>0.5894472002983093</ExecutionTime>
      <Command>Unreal Automation</Command>
      <StartTime>2026-06-08T12:05:39Z</StartTime>
      <EndTime>2026-06-08T12:05:39Z</EndTime>
    </Test>
    <Test Status="passed">
      <Name>Project.Functional Tests.TestMaps.Map.FunctionalTest.UIScreenshotTestMap.FunctionalUIScreenshotTest_Tuto17_Decorator</Name>
      <Path>FunctionalUIScreenshotTest_Tuto17_Decorator</Path>
      <FullName>Project.Functional Tests.TestMaps.Map.FunctionalTest.UIScreenshotTestMap.FunctionalUIScreenshotTest_Tuto17_Decorator</FullName>
      <Results>
        <NamedMeasurement type="numeric/double" name="Execution Time">
          <Value>1.253815770149231</Value>
        </NamedMeasurement>
        <NamedMeasurement type="text/string" name="Completion Status">
          <Value>passed</Value>
        </NamedMeasurement>
        <NamedMeasurement type="numeric/int" name="Warnings">
          <Value>0</Value>
        </NamedMeasurement>
        <NamedMeasurement type="numeric/int" name="Errors">
          <Value>0</Value>
        </NamedMeasurement>
        <Measurement>
          <Value>[Info] Screenshot 'UIScreenshotTestMap/FunctionalUIScreenshotTest_Tuto17_Decorator' was similar!  Global Difference = 0.000000, Max Local Difference = 0.000000</Value>
        </Measurement>
      </Results>
      <Labels />
      <Status>passed</Status>
      <CompletionStatus>passed</CompletionStatus>
      <ExecutionTime>1.253815770149231</ExecutionTime>
      <Command>Unreal Automation</Command>
      <StartTime>2026-06-08T12:05:39Z</StartTime>
      <EndTime>2026-06-08T12:05:39Z</EndTime>
    </Test>
    <Test Status="passed">
      <Name>Project.Functional Tests.TestMaps.Map.FunctionalTest.UIScreenshotTestMap.FunctionalUIScreenshotTest_Tuto18_NewPageTag</Name>
      <Path>FunctionalUIScreenshotTest_Tuto18_NewPageTag</Path>
      <FullName>Project.Functional Tests.TestMaps.Map.FunctionalTest.UIScreenshotTestMap.FunctionalUIScreenshotTest_Tuto18_NewPageTag</FullName>
      <Results>
        <NamedMeasurement type="numeric/double" name="Execution Time">
          <Value>0.6536335945129395</Value>
        </NamedMeasurement>
        <NamedMeasurement type="text/string" name="Completion Status">
          <Value>passed</Value>
        </NamedMeasurement>
        <NamedMeasurement type="numeric/int" name="Warnings">
          <Value>0</Value>
        </NamedMeasurement>
        <NamedMeasurement type="numeric/int" name="Errors">
          <Value>0</Value>
        </NamedMeasurement>
        <Measurement>
          <Value>[Info] Screenshot 'UIScreenshotTestMap/FunctionalUIScreenshotTest_Tuto18_NewPageTag' was similar!  Global Difference = 0.000000, Max Local Difference = 0.000000</Value>
        </Measurement>
      </Results>
      <Labels />
      <Status>passed</Status>
      <CompletionStatus>passed</CompletionStatus>
      <ExecutionTime>0.6536335945129395</ExecutionTime>
      <Command>Unreal Automation</Command>
      <StartTime>2026-06-08T12:05:39Z</StartTime>
      <EndTime>2026-06-08T12:05:39Z</EndTime>
    </Test>
    <Test Status="passed">
      <Name>Project.Functional Tests.TestMaps.Map.FunctionalTest.UIScreenshotTestMap.FunctionalUIScreenshotTest_Tuto20_Binlker</Name>
      <Path>FunctionalUIScreenshotTest_Tuto20_Binlker</Path>
      <FullName>Project.Functional Tests.TestMaps.Map.FunctionalTest.UIScreenshotTestMap.FunctionalUIScreenshotTest_Tuto20_Binlker</FullName>
      <Results>
        <NamedMeasurement type="numeric/double" name="Execution Time">
          <Value>0.6446741223335266</Value>
        </NamedMeasurement>
        <NamedMeasurement type="text/string" name="Completion Status">
          <Value>passed</Value>
        </NamedMeasurement>
        <NamedMeasurement type="numeric/int" name="Warnings">
          <Value>0</Value>
        </NamedMeasurement>
        <NamedMeasurement type="numeric/int" name="Errors">
          <Value>0</Value>
        </NamedMeasurement>
        <Measurement>
          <Value>[Info] Screenshot 'UIScreenshotTestMap/FunctionalUIScreenshotTest_Tuto20_Binlker' was similar!  Global Difference = 0.000000, Max Local Difference = 0.000000</Value>
        </Measurement>
      </Results>
      <Labels />
      <Status>passed</Status>
      <CompletionStatus>passed</CompletionStatus>
      <ExecutionTime>0.6446741223335266</ExecutionTime>
      <Command>Unreal Automation</Command>
      <StartTime>2026-06-08T12:05:39Z</StartTime>
      <EndTime>2026-06-08T12:05:39Z</EndTime>
    </Test>
  </Testing>
</Site>